2018-08-20 16:42:46.2753|Blog.Web.Areas.Admin.Controllers.LoginController|INFO|1056805316@qq.com登陆网站 
2018-08-20 16:42:48.8470|BlogCore.EFWork.Infrastructure.AuthenticationAttribute|INFO|admin:Microsoft.AspNetCore.Mvc.Filters.ActionExecutingContext:index 
2018-08-20 16:42:53.3807|BlogCore.EFWork.Infrastructure.AuthenticationAttribute|INFO|Admin:Microsoft.AspNetCore.Mvc.Filters.ActionExecutingContext:Index 
2018-08-20 16:42:53.5515|BlogCore.EFWork.Infrastructure.AuthenticationAttribute|INFO|Admin:Microsoft.AspNetCore.Mvc.Filters.ActionExecutingContext:DocView 
2018-08-20 16:42:54.5797|BlogCore.EFWork.Infrastructure.AuthenticationAttribute|INFO|Admin:Microsoft.AspNetCore.Mvc.Filters.ActionExecutingContext:Index 
2018-08-20 16:42:54.6899|BlogCore.EFWork.Infrastructure.AuthenticationAttribute|INFO|Admin:Microsoft.AspNetCore.Mvc.Filters.ActionExecutingContext:DocView 
2018-08-20 16:42:57.1952|BlogCore.EFWork.Infrastructure.AuthenticationAttribute|INFO|Admin:Microsoft.AspNetCore.Mvc.Filters.ActionExecutingContext:MenuForm 
2018-08-20 16:42:57.2570|BlogCore.EFWork.Infrastructure.AuthenticationAttribute|INFO|Admin:Microsoft.AspNetCore.Mvc.Filters.ActionExecutingContext:DocView 
2018-08-20 16:43:02.2717|BlogCore.EFWork.Infrastructure.AuthenticationAttribute|INFO|Admin:Microsoft.AspNetCore.Mvc.Filters.ActionExecutingContext:MenuAdd 
2018-08-20 16:43:02.9121|BlogCore.EFWork.Infrastructure.AuthenticationAttribute|INFO|Admin:Microsoft.AspNetCore.Mvc.Filters.ActionExecutingContext:DocView 
2018-08-20 16:43:10.0589|BlogCore.EFWork.Infrastructure.AuthenticationAttribute|INFO|Admin:Microsoft.AspNetCore.Mvc.Filters.ActionExecutingContext:Index 
2018-08-20 16:43:10.2358|BlogCore.EFWork.Infrastructure.AuthenticationAttribute|INFO|Admin:Microsoft.AspNetCore.Mvc.Filters.ActionExecutingContext:DocView 
2018-08-20 16:43:12.5648|BlogCore.EFWork.Infrastructure.AuthenticationAttribute|INFO|Admin:Microsoft.AspNetCore.Mvc.Filters.ActionExecutingContext:DocView 
2018-08-20 16:43:14.2473|BlogCore.EFWork.Infrastructure.AuthenticationAttribute|INFO|Admin:Microsoft.AspNetCore.Mvc.Filters.ActionExecutingContext:Index 
2018-08-20 16:43:14.3920|BlogCore.EFWork.Infrastructure.AuthenticationAttribute|INFO|Admin:Microsoft.AspNetCore.Mvc.Filters.ActionExecutingContext:DocView 
2018-08-20 16:43:14.8617|BlogCore.EFWork.Infrastructure.AuthenticationAttribute|INFO|Admin:Microsoft.AspNetCore.Mvc.Filters.ActionExecutingContext:Index 
2018-08-20 16:43:14.9571|BlogCore.EFWork.Infrastructure.AuthenticationAttribute|INFO|Admin:Microsoft.AspNetCore.Mvc.Filters.ActionExecutingContext:DocView 
2018-08-20 16:43:17.6785|BlogCore.EFWork.Infrastructure.AuthenticationAttribute|INFO|Admin:Microsoft.AspNetCore.Mvc.Filters.ActionExecutingContext:DocView 
2018-08-20 16:43:20.0925|BlogCore.EFWork.Infrastructure.AuthenticationAttribute|INFO|Admin:Microsoft.AspNetCore.Mvc.Filters.ActionExecutingContext:Index 
2018-08-20 16:43:20.2039|BlogCore.EFWork.Infrastructure.AuthenticationAttribute|INFO|Admin:Microsoft.AspNetCore.Mvc.Filters.ActionExecutingContext:DocView 
2018-08-20 16:43:22.8269|BlogCore.EFWork.Infrastructure.AuthenticationAttribute|INFO|Admin:Microsoft.AspNetCore.Mvc.Filters.ActionExecutingContext:ArtForm 
2018-08-20 16:43:22.8707|BlogCore.EFWork.Infrastructure.AuthenticationAttribute|INFO|Admin:Microsoft.AspNetCore.Mvc.Filters.ActionExecutingContext:DocView 
2018-08-20 16:43:31.7552|BlogCore.EFWork.Infrastructure.AuthenticationAttribute|INFO|Admin:Microsoft.AspNetCore.Mvc.Filters.ActionExecutingContext:ArtForm 
2018-08-20 16:43:40.8338|BlogCore.EFWork.Infrastructure.AuthenticationAttribute|INFO|Admin:Microsoft.AspNetCore.Mvc.Filters.ActionExecutingContext:DocView 
2018-08-20 16:43:41.8076|BlogCore.EFWork.Infrastructure.AuthenticationAttribute|INFO|Admin:Microsoft.AspNetCore.Mvc.Filters.ActionExecutingContext:DocView 
2018-08-20 16:43:42.8714|BlogCore.EFWork.Infrastructure.AuthenticationAttribute|INFO|Admin:Microsoft.AspNetCore.Mvc.Filters.ActionExecutingContext:DocView 
2018-08-20 16:43:46.4229|BlogCore.EFWork.Infrastructure.AuthenticationAttribute|INFO|Admin:Microsoft.AspNetCore.Mvc.Filters.ActionExecutingContext:DocView 
2018-08-20 16:43:46.9389|BlogCore.EFWork.Infrastructure.AuthenticationAttribute|INFO|Admin:Microsoft.AspNetCore.Mvc.Filters.ActionExecutingContext:DocView 
2018-08-20 16:59:03.9789|BlogCore.EFWork.Infrastructure.AuthenticationAttribute|INFO|admin:Microsoft.AspNetCore.Mvc.Filters.ActionExecutingContext:Index 
2018-08-20 16:59:09.4299|BlogCore.EFWork.Infrastructure.AuthenticationAttribute|INFO|Admin:Microsoft.AspNetCore.Mvc.Filters.ActionExecutingContext:Index 
2018-08-20 16:59:10.6584|BlogCore.EFWork.Infrastructure.AuthenticationAttribute|INFO|Admin:Microsoft.AspNetCore.Mvc.Filters.ActionExecutingContext:DocView 
2018-08-20 17:07:30.9546|BlogCore.EFWork.Infrastructure.AuthenticationAttribute|INFO|admin:Microsoft.AspNetCore.Mvc.Filters.ActionExecutingContext:Index 
2018-08-20 17:07:43.8330|Blog.Web.Areas.Admin.Controllers.LoginController|INFO|1056805316@qq.com登陆网站 
2018-08-20 17:07:46.3320|BlogCore.EFWork.Infrastructure.AuthenticationAttribute|INFO|admin:Microsoft.AspNetCore.Mvc.Filters.ActionExecutingContext:index 
2018-08-20 17:07:48.5716|BlogCore.EFWork.Infrastructure.AuthenticationAttribute|INFO|Admin:Microsoft.AspNetCore.Mvc.Filters.ActionExecutingContext:Index 
2018-08-20 17:07:48.6886|BlogCore.EFWork.Infrastructure.AuthenticationAttribute|INFO|Admin:Microsoft.AspNetCore.Mvc.Filters.ActionExecutingContext:DocView 
2018-08-20 17:07:50.3831|BlogCore.EFWork.Infrastructure.AuthenticationAttribute|INFO|Admin:Microsoft.AspNetCore.Mvc.Filters.ActionExecutingContext:ArtForm 
2018-08-20 17:07:50.4321|BlogCore.EFWork.Infrastructure.AuthenticationAttribute|INFO|Admin:Microsoft.AspNetCore.Mvc.Filters.ActionExecutingContext:DocView 
2018-08-20 17:08:36.4882|BlogCore.EFWork.Infrastructure.AuthenticationAttribute|INFO|Admin:Microsoft.AspNetCore.Mvc.Filters.ActionExecutingContext:ArtAdd 
2018-08-20 17:08:42.1082|BlogCore.EFWork.Infrastructure.AuthenticationAttribute|INFO|Admin:Microsoft.AspNetCore.Mvc.Filters.ActionExecutingContext:Index 
2018-08-20 17:08:42.1785|BlogCore.EFWork.Infrastructure.AuthenticationAttribute|INFO|Admin:Microsoft.AspNetCore.Mvc.Filters.ActionExecutingContext:DocView 
2018-08-20 17:08:43.4703|BlogCore.EFWork.Infrastructure.AuthenticationAttribute|INFO|Admin:Microsoft.AspNetCore.Mvc.Filters.ActionExecutingContext:Index 
2018-08-20 17:08:43.5216|BlogCore.EFWork.Infrastructure.AuthenticationAttribute|INFO|Admin:Microsoft.AspNetCore.Mvc.Filters.ActionExecutingContext:DocView 
2018-08-20 17:08:44.6733|BlogCore.EFWork.Infrastructure.AuthenticationAttribute|INFO|Admin:Microsoft.AspNetCore.Mvc.Filters.ActionExecutingContext:Index 
2018-08-20 17:08:44.7272|BlogCore.EFWork.Infrastructure.AuthenticationAttribute|INFO|Admin:Microsoft.AspNetCore.Mvc.Filters.ActionExecutingContext:DocView 
2018-08-20 17:08:48.7768|BlogCore.EFWork.Infrastructure.AuthenticationAttribute|INFO|Admin:Microsoft.AspNetCore.Mvc.Filters.ActionExecutingContext:ArtForm 
2018-08-20 17:08:48.8088|BlogCore.EFWork.Infrastructure.AuthenticationAttribute|INFO|Admin:Microsoft.AspNetCore.Mvc.Filters.ActionExecutingContext:DocView 
