2018-08-18 09:04:40.5495|BlogCore.EFWork.Infrastructure.LoggerMiddleware|INFO|::1:访问网站 
2018-08-18 09:04:49.1962|BlogCore.EFWork.Infrastructure.LoggerMiddleware|INFO|::1:访问网站 
2018-08-18 09:05:03.1783|BlogCore.EFWork.Infrastructure.LoggerMiddleware|INFO|::1:访问网站 
2018-08-18 09:05:49.9820|BlogCore.EFWork.Infrastructure.LoggerMiddleware|INFO|::1:访问网站 
2018-08-18 09:06:42.3462|BlogCore.EFWork.Infrastructure.LoggerMiddleware|INFO|::1:访问网站 
2018-08-18 09:58:07.8065|BlogCore.EFWork.Infrastructure.LoggerMiddleware|INFO|::1:访问网站 
2018-08-18 09:58:25.1860|BlogCore.EFWork.Infrastructure.LoggerMiddleware|INFO|::1:访问网站 
2018-08-18 09:59:07.1192|BlogCore.EFWork.Infrastructure.LoggerMiddleware|INFO|::1:访问网站 
2018-08-18 09:59:15.0137|BlogCore.EFWork.Infrastructure.LoggerMiddleware|INFO|::1:访问网站 
2018-08-18 09:59:33.6236|BlogCore.EFWork.Infrastructure.LoggerMiddleware|INFO|::1:访问网站 
2018-08-18 09:59:48.4108|BlogCore.EFWork.Infrastructure.LoggerMiddleware|INFO|::1:访问网站 
2018-08-18 10:00:01.4257|BlogCore.EFWork.Infrastructure.LoggerMiddleware|INFO|::1:访问网站 
2018-08-18 10:00:27.6689|BlogCore.EFWork.Infrastructure.LoggerMiddleware|INFO|::1:访问网站 
2018-08-18 10:00:33.2954|BlogCore.EFWork.Infrastructure.LoggerMiddleware|INFO|::1:访问网站 
2018-08-18 10:00:48.9070|BlogCore.EFWork.Infrastructure.LoggerMiddleware|INFO|::1:访问网站 
2018-08-18 10:01:28.6741|Blog.Web.Areas.Admin.Controllers.LoginController|INFO|1056805316@qq.com登陆网站 
2018-08-18 10:02:24.1353|BlogCore.EFWork.Infrastructure.LoggerMiddleware|INFO|::1:访问网站 
2018-08-18 10:02:24.1981|Blog.Web.Areas.Admin.Controllers.LoginController|INFO|1056805316@qq.com登陆网站 
2018-08-18 10:15:01.3144|Blog.Web.Areas.Admin.Controllers.LoginController|INFO|1056805316@qq.com登陆网站 
2018-08-18 11:13:59.0636|Blog.Web.Areas.Admin.Controllers.LoginController|INFO|1056805316@qq.com登陆网站 
2018-08-18 11:15:08.8302|Blog.Web.Areas.Admin.Controllers.LoginController|INFO|1056805316@qq.com登陆网站 
2018-08-18 11:25:18.3070|BlogCore.EFWork.Infrastructure.AuthenticationAttribute|INFO|admin:Microsoft.AspNetCore.Mvc.Filters.ActionExecutingContext:Index 
2018-08-18 11:25:53.5722|BlogCore.EFWork.Infrastructure.AuthenticationAttribute|INFO|admin:Microsoft.AspNetCore.Mvc.Filters.ActionExecutingContext:Index 
2018-08-18 11:26:01.4249|BlogCore.EFWork.Infrastructure.AuthenticationAttribute|INFO|admin:Microsoft.AspNetCore.Mvc.Filters.ActionExecutingContext:Index 
2018-08-18 11:26:18.1660|BlogCore.EFWork.Infrastructure.AuthenticationAttribute|INFO|admin:Microsoft.AspNetCore.Mvc.Filters.ActionExecutingContext:Index 
2018-08-18 11:27:03.8877|BlogCore.EFWork.Infrastructure.AuthenticationAttribute|INFO|admin:Microsoft.AspNetCore.Mvc.Filters.ActionExecutingContext:Index 
2018-08-18 11:28:41.9574|BlogCore.EFWork.Infrastructure.AuthenticationAttribute|INFO|admin:Microsoft.AspNetCore.Mvc.Filters.ActionExecutingContext:Index 
2018-08-18 11:30:10.1698|BlogCore.EFWork.Infrastructure.AuthenticationAttribute|INFO|admin:Microsoft.AspNetCore.Mvc.Filters.ActionExecutingContext:Index 
2018-08-18 11:34:55.2447|BlogCore.EFWork.Infrastructure.AuthenticationAttribute|INFO|admin:Microsoft.AspNetCore.Mvc.Filters.ActionExecutingContext:Index 
2018-08-18 11:35:17.1185|BlogCore.EFWork.Infrastructure.AuthenticationAttribute|INFO|admin:Microsoft.AspNetCore.Mvc.Filters.ActionExecutingContext:Index 
2018-08-18 11:35:29.5617|Blog.Web.Areas.Admin.Controllers.LoginController|INFO|1056805316@qq.com登陆网站 
2018-08-18 11:35:32.0258|BlogCore.EFWork.Infrastructure.AuthenticationAttribute|INFO|admin:Microsoft.AspNetCore.Mvc.Filters.ActionExecutingContext:index 
2018-08-18 11:35:35.4461|BlogCore.EFWork.Infrastructure.AuthenticationAttribute|INFO|admin:Microsoft.AspNetCore.Mvc.Filters.ActionExecutingContext:index 
2018-08-18 11:42:58.0235|BlogCore.EFWork.Infrastructure.AuthenticationAttribute|INFO|admin:Microsoft.AspNetCore.Mvc.Filters.ActionExecutingContext:Index 
2018-08-18 11:46:34.0397|BlogCore.EFWork.Infrastructure.AuthenticationAttribute|INFO|admin:Microsoft.AspNetCore.Mvc.Filters.ActionExecutingContext:Index 
2018-08-18 11:48:31.9017|BlogCore.EFWork.Infrastructure.AuthenticationAttribute|INFO|admin:Microsoft.AspNetCore.Mvc.Filters.ActionExecutingContext:Index 
2018-08-18 11:49:03.5553|BlogCore.EFWork.Infrastructure.AuthenticationAttribute|INFO|admin:Microsoft.AspNetCore.Mvc.Filters.ActionExecutingContext:Index 
2018-08-18 11:50:25.0498|BlogCore.EFWork.Infrastructure.AuthenticationAttribute|INFO|admin:Microsoft.AspNetCore.Mvc.Filters.ActionExecutingContext:Index 
2018-08-18 11:58:17.5466|BlogCore.EFWork.Infrastructure.AuthenticationAttribute|INFO|admin:Microsoft.AspNetCore.Mvc.Filters.ActionExecutingContext:Index 
2018-08-18 11:58:39.9703|Blog.Web.Areas.Admin.Controllers.LoginController|INFO|1056805316@qq.com登陆网站 
2018-08-18 11:58:42.4528|BlogCore.EFWork.Infrastructure.AuthenticationAttribute|INFO|admin:Microsoft.AspNetCore.Mvc.Filters.ActionExecutingContext:index 
2018-08-18 11:59:03.5933|BlogCore.EFWork.Infrastructure.AuthenticationAttribute|INFO|admin:Microsoft.AspNetCore.Mvc.Filters.ActionExecutingContext:Index 
2018-08-18 11:59:05.2425|BlogCore.EFWork.Infrastructure.AuthenticationAttribute|INFO|Admin:Microsoft.AspNetCore.Mvc.Filters.ActionExecutingContext:Index 
2018-08-18 12:00:03.5782|BlogCore.EFWork.Infrastructure.AuthenticationAttribute|INFO|Admin:Microsoft.AspNetCore.Mvc.Filters.ActionExecutingContext:Index 
2018-08-18 12:00:49.3002|BlogCore.EFWork.Infrastructure.AuthenticationAttribute|INFO|Admin:Microsoft.AspNetCore.Mvc.Filters.ActionExecutingContext:Index 
2018-08-18 12:20:12.1383|BlogCore.EFWork.Infrastructure.AuthenticationAttribute|INFO|admin:Microsoft.AspNetCore.Mvc.Filters.ActionExecutingContext:Index 
2018-08-18 12:20:14.0487|BlogCore.EFWork.Infrastructure.AuthenticationAttribute|INFO|Admin:Microsoft.AspNetCore.Mvc.Filters.ActionExecutingContext:Index 
2018-08-18 12:27:26.4950|BlogCore.EFWork.Infrastructure.AuthenticationAttribute|INFO|Admin:Microsoft.AspNetCore.Mvc.Filters.ActionExecutingContext:Index 
2018-08-18 12:27:48.2498|BlogCore.EFWork.Infrastructure.AuthenticationAttribute|INFO|Admin:Microsoft.AspNetCore.Mvc.Filters.ActionExecutingContext:Index 
2018-08-18 12:28:00.5610|BlogCore.EFWork.Infrastructure.AuthenticationAttribute|INFO|Admin:Microsoft.AspNetCore.Mvc.Filters.ActionExecutingContext:Index 
2018-08-18 12:28:11.4314|BlogCore.EFWork.Infrastructure.AuthenticationAttribute|INFO|Admin:Microsoft.AspNetCore.Mvc.Filters.ActionExecutingContext:Index 
2018-08-18 12:28:41.7293|BlogCore.EFWork.Infrastructure.AuthenticationAttribute|INFO|Admin:Microsoft.AspNetCore.Mvc.Filters.ActionExecutingContext:Index 
2018-08-18 12:29:14.8391|BlogCore.EFWork.Infrastructure.AuthenticationAttribute|INFO|Admin:Microsoft.AspNetCore.Mvc.Filters.ActionExecutingContext:Index 
2018-08-18 12:29:31.0302|BlogCore.EFWork.Infrastructure.AuthenticationAttribute|INFO|Admin:Microsoft.AspNetCore.Mvc.Filters.ActionExecutingContext:Index 
2018-08-18 12:29:43.2433|BlogCore.EFWork.Infrastructure.AuthenticationAttribute|INFO|Admin:Microsoft.AspNetCore.Mvc.Filters.ActionExecutingContext:Index 
2018-08-18 12:29:50.1111|BlogCore.EFWork.Infrastructure.AuthenticationAttribute|INFO|Admin:Microsoft.AspNetCore.Mvc.Filters.ActionExecutingContext:Index 
2018-08-18 14:24:31.7012|BlogCore.EFWork.Infrastructure.AuthenticationAttribute|INFO|admin:Microsoft.AspNetCore.Mvc.Filters.ActionExecutingContext:Index 
2018-08-18 14:24:35.3426|BlogCore.EFWork.Infrastructure.AuthenticationAttribute|INFO|Admin:Microsoft.AspNetCore.Mvc.Filters.ActionExecutingContext:Index 
2018-08-18 14:25:34.5877|BlogCore.EFWork.Infrastructure.AuthenticationAttribute|INFO|Admin:Microsoft.AspNetCore.Mvc.Filters.ActionExecutingContext:Index 
2018-08-18 14:25:39.0391|BlogCore.EFWork.Infrastructure.AuthenticationAttribute|INFO|Admin:Microsoft.AspNetCore.Mvc.Filters.ActionExecutingContext:Index 
2018-08-18 14:26:58.0721|BlogCore.EFWork.Infrastructure.AuthenticationAttribute|INFO|admin:Microsoft.AspNetCore.Mvc.Filters.ActionExecutingContext:Index 
2018-08-18 14:26:59.9610|BlogCore.EFWork.Infrastructure.AuthenticationAttribute|INFO|Admin:Microsoft.AspNetCore.Mvc.Filters.ActionExecutingContext:Index 
2018-08-18 14:28:11.5756|BlogCore.EFWork.Infrastructure.AuthenticationAttribute|INFO|admin:Microsoft.AspNetCore.Mvc.Filters.ActionExecutingContext:Index 
2018-08-18 14:28:14.4470|BlogCore.EFWork.Infrastructure.AuthenticationAttribute|INFO|Admin:Microsoft.AspNetCore.Mvc.Filters.ActionExecutingContext:Index 
2018-08-18 14:28:24.8206|BlogCore.EFWork.Infrastructure.AuthenticationAttribute|INFO|Admin:Microsoft.AspNetCore.Mvc.Filters.ActionExecutingContext:Index 
2018-08-18 14:30:15.0424|BlogCore.EFWork.Infrastructure.AuthenticationAttribute|INFO|admin:Microsoft.AspNetCore.Mvc.Filters.ActionExecutingContext:Index 
2018-08-18 14:30:16.7475|BlogCore.EFWork.Infrastructure.AuthenticationAttribute|INFO|Admin:Microsoft.AspNetCore.Mvc.Filters.ActionExecutingContext:Index 
2018-08-18 14:30:47.0428|BlogCore.EFWork.Infrastructure.AuthenticationAttribute|INFO|Admin:Microsoft.AspNetCore.Mvc.Filters.ActionExecutingContext:Index 
2018-08-18 14:32:55.6335|BlogCore.EFWork.Infrastructure.AuthenticationAttribute|INFO|Admin:Microsoft.AspNetCore.Mvc.Filters.ActionExecutingContext:Index 
2018-08-18 14:36:27.8207|BlogCore.EFWork.Infrastructure.AuthenticationAttribute|INFO|admin:Microsoft.AspNetCore.Mvc.Filters.ActionExecutingContext:Index 
2018-08-18 14:36:31.1726|BlogCore.EFWork.Infrastructure.AuthenticationAttribute|INFO|Admin:Microsoft.AspNetCore.Mvc.Filters.ActionExecutingContext:Index 
2018-08-18 14:36:43.7028|BlogCore.EFWork.Infrastructure.AuthenticationAttribute|INFO|Admin:Microsoft.AspNetCore.Mvc.Filters.ActionExecutingContext:Index 
2018-08-18 14:38:19.6999|BlogCore.EFWork.Infrastructure.AuthenticationAttribute|INFO|admin:Microsoft.AspNetCore.Mvc.Filters.ActionExecutingContext:Index 
2018-08-18 14:38:21.2457|BlogCore.EFWork.Infrastructure.AuthenticationAttribute|INFO|Admin:Microsoft.AspNetCore.Mvc.Filters.ActionExecutingContext:Index 
2018-08-18 14:38:55.0891|BlogCore.EFWork.Infrastructure.AuthenticationAttribute|INFO|Admin:Microsoft.AspNetCore.Mvc.Filters.ActionExecutingContext:Index 
2018-08-18 14:38:57.2327|BlogCore.EFWork.Infrastructure.AuthenticationAttribute|INFO|Admin:Microsoft.AspNetCore.Mvc.Filters.ActionExecutingContext:MenuForm 
2018-08-18 14:40:57.9632|BlogCore.EFWork.Infrastructure.AuthenticationAttribute|INFO|admin:Microsoft.AspNetCore.Mvc.Filters.ActionExecutingContext:Index 
2018-08-18 14:40:59.9645|BlogCore.EFWork.Infrastructure.AuthenticationAttribute|INFO|Admin:Microsoft.AspNetCore.Mvc.Filters.ActionExecutingContext:Index 
2018-08-18 14:41:01.0191|BlogCore.EFWork.Infrastructure.AuthenticationAttribute|INFO|Admin:Microsoft.AspNetCore.Mvc.Filters.ActionExecutingContext:MenuForm 
2018-08-18 14:41:11.1968|BlogCore.EFWork.Infrastructure.AuthenticationAttribute|INFO|Admin:Microsoft.AspNetCore.Mvc.Filters.ActionExecutingContext:MenuAdd 
2018-08-18 14:55:04.4956|BlogCore.EFWork.Infrastructure.AuthenticationAttribute|INFO|admin:Microsoft.AspNetCore.Mvc.Filters.ActionExecutingContext:Index 
2018-08-18 14:55:07.3718|BlogCore.EFWork.Infrastructure.AuthenticationAttribute|INFO|Admin:Microsoft.AspNetCore.Mvc.Filters.ActionExecutingContext:Index 
2018-08-18 14:55:08.5818|BlogCore.EFWork.Infrastructure.AuthenticationAttribute|INFO|Admin:Microsoft.AspNetCore.Mvc.Filters.ActionExecutingContext:MenuForm 
2018-08-18 14:55:13.5794|BlogCore.EFWork.Infrastructure.AuthenticationAttribute|INFO|Admin:Microsoft.AspNetCore.Mvc.Filters.ActionExecutingContext:MenuForm 
2018-08-18 14:55:16.2111|BlogCore.EFWork.Infrastructure.AuthenticationAttribute|INFO|Admin:Microsoft.AspNetCore.Mvc.Filters.ActionExecutingContext:MenuForm 
2018-08-18 14:55:27.9898|BlogCore.EFWork.Infrastructure.AuthenticationAttribute|INFO|Admin:Microsoft.AspNetCore.Mvc.Filters.ActionExecutingContext:MenuAdd 
2018-08-18 14:55:32.6655|BlogCore.EFWork.Infrastructure.AuthenticationAttribute|INFO|Admin:Microsoft.AspNetCore.Mvc.Filters.ActionExecutingContext:Index 
2018-08-18 15:25:31.2750|BlogCore.EFWork.Infrastructure.AuthenticationAttribute|INFO|admin:Microsoft.AspNetCore.Mvc.Filters.ActionExecutingContext:Index 
2018-08-18 15:25:33.1484|BlogCore.EFWork.Infrastructure.AuthenticationAttribute|INFO|Admin:Microsoft.AspNetCore.Mvc.Filters.ActionExecutingContext:Index 
2018-08-18 15:27:16.3073|BlogCore.EFWork.Infrastructure.AuthenticationAttribute|INFO|admin:Microsoft.AspNetCore.Mvc.Filters.ActionExecutingContext:Index 
2018-08-18 15:27:19.2768|BlogCore.EFWork.Infrastructure.AuthenticationAttribute|INFO|Admin:Microsoft.AspNetCore.Mvc.Filters.ActionExecutingContext:Index 
2018-08-18 15:27:43.0586|BlogCore.EFWork.Infrastructure.AuthenticationAttribute|INFO|admin:Microsoft.AspNetCore.Mvc.Filters.ActionExecutingContext:Index 
2018-08-18 15:27:44.5277|BlogCore.EFWork.Infrastructure.AuthenticationAttribute|INFO|Admin:Microsoft.AspNetCore.Mvc.Filters.ActionExecutingContext:Index 
2018-08-18 15:27:44.7211|BlogCore.EFWork.Infrastructure.AuthenticationAttribute|INFO|Admin:Microsoft.AspNetCore.Mvc.Filters.ActionExecutingContext:DocView 
2018-08-18 15:29:11.9045|BlogCore.EFWork.Infrastructure.AuthenticationAttribute|INFO|admin:Microsoft.AspNetCore.Mvc.Filters.ActionExecutingContext:Index 
2018-08-18 15:29:24.4969|BlogCore.EFWork.Infrastructure.AuthenticationAttribute|INFO|admin:Microsoft.AspNetCore.Mvc.Filters.ActionExecutingContext:Index 
2018-08-18 15:29:26.2115|BlogCore.EFWork.Infrastructure.AuthenticationAttribute|INFO|Admin:Microsoft.AspNetCore.Mvc.Filters.ActionExecutingContext:Index 
2018-08-18 15:29:26.4197|BlogCore.EFWork.Infrastructure.AuthenticationAttribute|INFO|Admin:Microsoft.AspNetCore.Mvc.Filters.ActionExecutingContext:DocView 
2018-08-18 15:30:40.0566|BlogCore.EFWork.Infrastructure.AuthenticationAttribute|INFO|admin:Microsoft.AspNetCore.Mvc.Filters.ActionExecutingContext:Index 
2018-08-18 15:30:42.1802|BlogCore.EFWork.Infrastructure.AuthenticationAttribute|INFO|Admin:Microsoft.AspNetCore.Mvc.Filters.ActionExecutingContext:Index 
2018-08-18 15:30:42.3830|BlogCore.EFWork.Infrastructure.AuthenticationAttribute|INFO|Admin:Microsoft.AspNetCore.Mvc.Filters.ActionExecutingContext:DocView 
2018-08-18 15:36:18.9635|BlogCore.EFWork.Infrastructure.AuthenticationAttribute|INFO|admin:Microsoft.AspNetCore.Mvc.Filters.ActionExecutingContext:Index 
2018-08-18 15:36:20.7583|BlogCore.EFWork.Infrastructure.AuthenticationAttribute|INFO|Admin:Microsoft.AspNetCore.Mvc.Filters.ActionExecutingContext:Index 
2018-08-18 15:36:20.9199|BlogCore.EFWork.Infrastructure.AuthenticationAttribute|INFO|Admin:Microsoft.AspNetCore.Mvc.Filters.ActionExecutingContext:DocView 
2018-08-18 15:36:24.7014|BlogCore.EFWork.Infrastructure.AuthenticationAttribute|INFO|Admin:Microsoft.AspNetCore.Mvc.Filters.ActionExecutingContext:DocView 
2018-08-18 15:36:25.4787|BlogCore.EFWork.Infrastructure.AuthenticationAttribute|INFO|Admin:Microsoft.AspNetCore.Mvc.Filters.ActionExecutingContext:DocView 
2018-08-18 15:36:26.2923|BlogCore.EFWork.Infrastructure.AuthenticationAttribute|INFO|Admin:Microsoft.AspNetCore.Mvc.Filters.ActionExecutingContext:DocView 
2018-08-18 15:36:26.9711|BlogCore.EFWork.Infrastructure.AuthenticationAttribute|INFO|Admin:Microsoft.AspNetCore.Mvc.Filters.ActionExecutingContext:DocView 
2018-08-18 15:36:27.7042|BlogCore.EFWork.Infrastructure.AuthenticationAttribute|INFO|Admin:Microsoft.AspNetCore.Mvc.Filters.ActionExecutingContext:DocView 
2018-08-18 15:36:31.3985|BlogCore.EFWork.Infrastructure.AuthenticationAttribute|INFO|Admin:Microsoft.AspNetCore.Mvc.Filters.ActionExecutingContext:DocView 
2018-08-18 15:36:32.0231|BlogCore.EFWork.Infrastructure.AuthenticationAttribute|INFO|Admin:Microsoft.AspNetCore.Mvc.Filters.ActionExecutingContext:DocView 
2018-08-18 15:36:32.5720|BlogCore.EFWork.Infrastructure.AuthenticationAttribute|INFO|Admin:Microsoft.AspNetCore.Mvc.Filters.ActionExecutingContext:DocView 
2018-08-18 15:36:33.2686|BlogCore.EFWork.Infrastructure.AuthenticationAttribute|INFO|Admin:Microsoft.AspNetCore.Mvc.Filters.ActionExecutingContext:DocView 
2018-08-18 15:36:33.8450|BlogCore.EFWork.Infrastructure.AuthenticationAttribute|INFO|Admin:Microsoft.AspNetCore.Mvc.Filters.ActionExecutingContext:DocView 
2018-08-18 15:36:35.2751|BlogCore.EFWork.Infrastructure.AuthenticationAttribute|INFO|Admin:Microsoft.AspNetCore.Mvc.Filters.ActionExecutingContext:DocView 
2018-08-18 15:36:36.3875|BlogCore.EFWork.Infrastructure.AuthenticationAttribute|INFO|Admin:Microsoft.AspNetCore.Mvc.Filters.ActionExecutingContext:DocView 
2018-08-18 15:46:43.1818|BlogCore.EFWork.Infrastructure.AuthenticationAttribute|INFO|admin:Microsoft.AspNetCore.Mvc.Filters.ActionExecutingContext:Index 
2018-08-18 15:46:44.9070|BlogCore.EFWork.Infrastructure.AuthenticationAttribute|INFO|Admin:Microsoft.AspNetCore.Mvc.Filters.ActionExecutingContext:Index 
2018-08-18 15:46:45.1911|BlogCore.EFWork.Infrastructure.AuthenticationAttribute|INFO|Admin:Microsoft.AspNetCore.Mvc.Filters.ActionExecutingContext:DocView 
2018-08-18 15:46:47.6822|BlogCore.EFWork.Infrastructure.AuthenticationAttribute|INFO|Admin:Microsoft.AspNetCore.Mvc.Filters.ActionExecutingContext:DocView 
2018-08-18 15:46:48.3319|BlogCore.EFWork.Infrastructure.AuthenticationAttribute|INFO|Admin:Microsoft.AspNetCore.Mvc.Filters.ActionExecutingContext:DocView 
2018-08-18 15:46:50.3232|BlogCore.EFWork.Infrastructure.AuthenticationAttribute|INFO|Admin:Microsoft.AspNetCore.Mvc.Filters.ActionExecutingContext:DocView 
2018-08-18 15:46:51.3234|BlogCore.EFWork.Infrastructure.AuthenticationAttribute|INFO|Admin:Microsoft.AspNetCore.Mvc.Filters.ActionExecutingContext:DocView 
2018-08-18 15:46:52.0431|BlogCore.EFWork.Infrastructure.AuthenticationAttribute|INFO|Admin:Microsoft.AspNetCore.Mvc.Filters.ActionExecutingContext:DocView 
2018-08-18 15:46:53.3731|BlogCore.EFWork.Infrastructure.AuthenticationAttribute|INFO|Admin:Microsoft.AspNetCore.Mvc.Filters.ActionExecutingContext:DocView 
2018-08-18 15:46:55.0704|BlogCore.EFWork.Infrastructure.AuthenticationAttribute|INFO|Admin:Microsoft.AspNetCore.Mvc.Filters.ActionExecutingContext:DocView 
2018-08-18 15:46:56.4193|BlogCore.EFWork.Infrastructure.AuthenticationAttribute|INFO|Admin:Microsoft.AspNetCore.Mvc.Filters.ActionExecutingContext:MenuForm 
2018-08-18 15:46:59.8853|BlogCore.EFWork.Infrastructure.AuthenticationAttribute|INFO|Admin:Microsoft.AspNetCore.Mvc.Filters.ActionExecutingContext:MenuAdd 
2018-08-18 15:47:02.7497|BlogCore.EFWork.Infrastructure.AuthenticationAttribute|INFO|Admin:Microsoft.AspNetCore.Mvc.Filters.ActionExecutingContext:Index 
2018-08-18 15:47:04.2603|BlogCore.EFWork.Infrastructure.AuthenticationAttribute|INFO|Admin:Microsoft.AspNetCore.Mvc.Filters.ActionExecutingContext:Index 
2018-08-18 15:47:04.3522|BlogCore.EFWork.Infrastructure.AuthenticationAttribute|INFO|Admin:Microsoft.AspNetCore.Mvc.Filters.ActionExecutingContext:DocView 
2018-08-18 15:47:05.8220|BlogCore.EFWork.Infrastructure.AuthenticationAttribute|INFO|Admin:Microsoft.AspNetCore.Mvc.Filters.ActionExecutingContext:DocView 
2018-08-18 15:47:06.7111|BlogCore.EFWork.Infrastructure.AuthenticationAttribute|INFO|Admin:Microsoft.AspNetCore.Mvc.Filters.ActionExecutingContext:DocView 
2018-08-18 15:47:08.2433|BlogCore.EFWork.Infrastructure.AuthenticationAttribute|INFO|admin:Microsoft.AspNetCore.Mvc.Filters.ActionExecutingContext:MenuDelete 
2018-08-18 15:47:08.4946|BlogCore.EFWork.Infrastructure.AuthenticationAttribute|INFO|Admin:Microsoft.AspNetCore.Mvc.Filters.ActionExecutingContext:DocView 
2018-08-18 15:47:12.1493|BlogCore.EFWork.Infrastructure.AuthenticationAttribute|INFO|Admin:Microsoft.AspNetCore.Mvc.Filters.ActionExecutingContext:DocView 
2018-08-18 15:47:13.6502|BlogCore.EFWork.Infrastructure.AuthenticationAttribute|INFO|Admin:Microsoft.AspNetCore.Mvc.Filters.ActionExecutingContext:MenuForm 
2018-08-18 15:47:16.3436|BlogCore.EFWork.Infrastructure.AuthenticationAttribute|INFO|Admin:Microsoft.AspNetCore.Mvc.Filters.ActionExecutingContext:MenuAdd 
2018-08-18 15:47:19.8293|BlogCore.EFWork.Infrastructure.AuthenticationAttribute|INFO|Admin:Microsoft.AspNetCore.Mvc.Filters.ActionExecutingContext:Index 
2018-08-18 15:47:21.4933|BlogCore.EFWork.Infrastructure.AuthenticationAttribute|INFO|Admin:Microsoft.AspNetCore.Mvc.Filters.ActionExecutingContext:Index 
2018-08-18 15:47:21.5773|BlogCore.EFWork.Infrastructure.AuthenticationAttribute|INFO|Admin:Microsoft.AspNetCore.Mvc.Filters.ActionExecutingContext:DocView 
2018-08-18 15:47:34.7324|BlogCore.EFWork.Infrastructure.AuthenticationAttribute|INFO|Admin:Microsoft.AspNetCore.Mvc.Filters.ActionExecutingContext:DocView 
2018-08-18 15:47:35.3310|BlogCore.EFWork.Infrastructure.AuthenticationAttribute|INFO|Admin:Microsoft.AspNetCore.Mvc.Filters.ActionExecutingContext:DocView 
2018-08-18 15:47:36.9956|BlogCore.EFWork.Infrastructure.AuthenticationAttribute|INFO|Admin:Microsoft.AspNetCore.Mvc.Filters.ActionExecutingContext:DocView 
2018-08-18 15:49:29.1491|BlogCore.EFWork.Infrastructure.AuthenticationAttribute|INFO|admin:Microsoft.AspNetCore.Mvc.Filters.ActionExecutingContext:Index 
2018-08-18 15:49:30.8127|BlogCore.EFWork.Infrastructure.AuthenticationAttribute|INFO|Admin:Microsoft.AspNetCore.Mvc.Filters.ActionExecutingContext:Index 
2018-08-18 15:49:30.9799|BlogCore.EFWork.Infrastructure.AuthenticationAttribute|INFO|Admin:Microsoft.AspNetCore.Mvc.Filters.ActionExecutingContext:DocView 
2018-08-18 15:49:34.2151|BlogCore.EFWork.Infrastructure.AuthenticationAttribute|INFO|admin:Microsoft.AspNetCore.Mvc.Filters.ActionExecutingContext:MenuDelete 
2018-08-18 15:49:34.3573|BlogCore.EFWork.Infrastructure.AuthenticationAttribute|INFO|Admin:Microsoft.AspNetCore.Mvc.Filters.ActionExecutingContext:DocView 
2018-08-18 15:49:36.9358|BlogCore.EFWork.Infrastructure.AuthenticationAttribute|INFO|Admin:Microsoft.AspNetCore.Mvc.Filters.ActionExecutingContext:MenuForm 
2018-08-18 15:49:44.4034|BlogCore.EFWork.Infrastructure.AuthenticationAttribute|INFO|Admin:Microsoft.AspNetCore.Mvc.Filters.ActionExecutingContext:MenuAdd 
2018-08-18 15:49:44.9800|BlogCore.EFWork.Infrastructure.AuthenticationAttribute|INFO|Admin:Microsoft.AspNetCore.Mvc.Filters.ActionExecutingContext:DocView 
2018-08-18 15:49:48.5723|BlogCore.EFWork.Infrastructure.AuthenticationAttribute|INFO|admin:Microsoft.AspNetCore.Mvc.Filters.ActionExecutingContext:MenuDelete 
2018-08-18 15:49:48.6017|BlogCore.EFWork.Infrastructure.AuthenticationAttribute|INFO|Admin:Microsoft.AspNetCore.Mvc.Filters.ActionExecutingContext:DocView 
2018-08-18 15:50:14.4480|BlogCore.EFWork.Infrastructure.AuthenticationAttribute|INFO|admin:Microsoft.AspNetCore.Mvc.Filters.ActionExecutingContext:Index 
2018-08-18 15:50:16.5084|BlogCore.EFWork.Infrastructure.AuthenticationAttribute|INFO|Admin:Microsoft.AspNetCore.Mvc.Filters.ActionExecutingContext:Index 
2018-08-18 15:50:16.7034|BlogCore.EFWork.Infrastructure.AuthenticationAttribute|INFO|Admin:Microsoft.AspNetCore.Mvc.Filters.ActionExecutingContext:DocView 
2018-08-18 15:51:21.5574|BlogCore.EFWork.Infrastructure.AuthenticationAttribute|INFO|admin:Microsoft.AspNetCore.Mvc.Filters.ActionExecutingContext:Index 
2018-08-18 15:51:23.3569|BlogCore.EFWork.Infrastructure.AuthenticationAttribute|INFO|Admin:Microsoft.AspNetCore.Mvc.Filters.ActionExecutingContext:Index 
2018-08-18 15:51:23.5250|BlogCore.EFWork.Infrastructure.AuthenticationAttribute|INFO|Admin:Microsoft.AspNetCore.Mvc.Filters.ActionExecutingContext:DocView 
2018-08-18 15:51:25.1988|BlogCore.EFWork.Infrastructure.AuthenticationAttribute|INFO|Admin:Microsoft.AspNetCore.Mvc.Filters.ActionExecutingContext:DocView 
2018-08-18 15:51:25.9478|BlogCore.EFWork.Infrastructure.AuthenticationAttribute|INFO|Admin:Microsoft.AspNetCore.Mvc.Filters.ActionExecutingContext:DocView 
2018-08-18 15:52:44.5256|BlogCore.EFWork.Infrastructure.AuthenticationAttribute|INFO|admin:Microsoft.AspNetCore.Mvc.Filters.ActionExecutingContext:Index 
2018-08-18 15:52:46.3364|BlogCore.EFWork.Infrastructure.AuthenticationAttribute|INFO|Admin:Microsoft.AspNetCore.Mvc.Filters.ActionExecutingContext:Index 
2018-08-18 15:52:46.4997|BlogCore.EFWork.Infrastructure.AuthenticationAttribute|INFO|Admin:Microsoft.AspNetCore.Mvc.Filters.ActionExecutingContext:DocView 
2018-08-18 15:52:51.5970|BlogCore.EFWork.Infrastructure.AuthenticationAttribute|INFO|Admin:Microsoft.AspNetCore.Mvc.Filters.ActionExecutingContext:DocView 
2018-08-18 15:53:06.2779|BlogCore.EFWork.Infrastructure.AuthenticationAttribute|INFO|admin:Microsoft.AspNetCore.Mvc.Filters.ActionExecutingContext:Index 
2018-08-18 15:53:07.9628|BlogCore.EFWork.Infrastructure.AuthenticationAttribute|INFO|Admin:Microsoft.AspNetCore.Mvc.Filters.ActionExecutingContext:Index 
2018-08-18 15:53:08.1380|BlogCore.EFWork.Infrastructure.AuthenticationAttribute|INFO|Admin:Microsoft.AspNetCore.Mvc.Filters.ActionExecutingContext:DocView 
2018-08-18 15:53:11.0945|BlogCore.EFWork.Infrastructure.AuthenticationAttribute|INFO|Admin:Microsoft.AspNetCore.Mvc.Filters.ActionExecutingContext:DocView 
2018-08-18 15:53:56.2912|BlogCore.EFWork.Infrastructure.AuthenticationAttribute|INFO|admin:Microsoft.AspNetCore.Mvc.Filters.ActionExecutingContext:Index 
2018-08-18 15:53:58.6020|BlogCore.EFWork.Infrastructure.AuthenticationAttribute|INFO|Admin:Microsoft.AspNetCore.Mvc.Filters.ActionExecutingContext:Index 
2018-08-18 15:53:58.7726|BlogCore.EFWork.Infrastructure.AuthenticationAttribute|INFO|Admin:Microsoft.AspNetCore.Mvc.Filters.ActionExecutingContext:DocView 
2018-08-18 15:54:02.5316|BlogCore.EFWork.Infrastructure.AuthenticationAttribute|INFO|Admin:Microsoft.AspNetCore.Mvc.Filters.ActionExecutingContext:MenuForm 
2018-08-18 15:54:13.7114|BlogCore.EFWork.Infrastructure.AuthenticationAttribute|INFO|Admin:Microsoft.AspNetCore.Mvc.Filters.ActionExecutingContext:MenuAdd 
2018-08-18 15:54:14.3524|BlogCore.EFWork.Infrastructure.AuthenticationAttribute|INFO|Admin:Microsoft.AspNetCore.Mvc.Filters.ActionExecutingContext:DocView 
2018-08-18 15:54:56.0145|BlogCore.EFWork.Infrastructure.AuthenticationAttribute|INFO|Admin:Microsoft.AspNetCore.Mvc.Filters.ActionExecutingContext:MenuAdd 
2018-08-18 15:54:56.5596|BlogCore.EFWork.Infrastructure.AuthenticationAttribute|INFO|Admin:Microsoft.AspNetCore.Mvc.Filters.ActionExecutingContext:DocView 
2018-08-18 15:55:06.1025|BlogCore.EFWork.Infrastructure.AuthenticationAttribute|INFO|Admin:Microsoft.AspNetCore.Mvc.Filters.ActionExecutingContext:MenuAdd 
2018-08-18 15:55:06.6378|BlogCore.EFWork.Infrastructure.AuthenticationAttribute|INFO|Admin:Microsoft.AspNetCore.Mvc.Filters.ActionExecutingContext:DocView 
2018-08-18 15:55:24.8124|BlogCore.EFWork.Infrastructure.AuthenticationAttribute|INFO|Admin:Microsoft.AspNetCore.Mvc.Filters.ActionExecutingContext:MenuAdd 
2018-08-18 15:55:25.3559|BlogCore.EFWork.Infrastructure.AuthenticationAttribute|INFO|Admin:Microsoft.AspNetCore.Mvc.Filters.ActionExecutingContext:DocView 
2018-08-18 15:55:49.7591|BlogCore.EFWork.Infrastructure.AuthenticationAttribute|INFO|Admin:Microsoft.AspNetCore.Mvc.Filters.ActionExecutingContext:MenuForm 
2018-08-18 15:55:57.1336|BlogCore.EFWork.Infrastructure.AuthenticationAttribute|INFO|Admin:Microsoft.AspNetCore.Mvc.Filters.ActionExecutingContext:MenuAdd 
2018-08-18 15:55:57.6711|BlogCore.EFWork.Infrastructure.AuthenticationAttribute|INFO|Admin:Microsoft.AspNetCore.Mvc.Filters.ActionExecutingContext:DocView 
2018-08-18 15:56:20.6452|BlogCore.EFWork.Infrastructure.AuthenticationAttribute|INFO|Admin:Microsoft.AspNetCore.Mvc.Filters.ActionExecutingContext:MenuAdd 
2018-08-18 15:56:21.1830|BlogCore.EFWork.Infrastructure.AuthenticationAttribute|INFO|Admin:Microsoft.AspNetCore.Mvc.Filters.ActionExecutingContext:DocView 
2018-08-18 15:56:38.3634|BlogCore.EFWork.Infrastructure.AuthenticationAttribute|INFO|Admin:Microsoft.AspNetCore.Mvc.Filters.ActionExecutingContext:MenuAdd 
2018-08-18 15:56:38.9149|BlogCore.EFWork.Infrastructure.AuthenticationAttribute|INFO|Admin:Microsoft.AspNetCore.Mvc.Filters.ActionExecutingContext:DocView 
2018-08-18 15:56:54.0195|BlogCore.EFWork.Infrastructure.AuthenticationAttribute|INFO|Admin:Microsoft.AspNetCore.Mvc.Filters.ActionExecutingContext:MenuAdd 
2018-08-18 15:56:54.5733|BlogCore.EFWork.Infrastructure.AuthenticationAttribute|INFO|Admin:Microsoft.AspNetCore.Mvc.Filters.ActionExecutingContext:DocView 
2018-08-18 15:57:06.9826|BlogCore.EFWork.Infrastructure.AuthenticationAttribute|INFO|Admin:Microsoft.AspNetCore.Mvc.Filters.ActionExecutingContext:MenuAdd 
2018-08-18 15:57:07.5298|BlogCore.EFWork.Infrastructure.AuthenticationAttribute|INFO|Admin:Microsoft.AspNetCore.Mvc.Filters.ActionExecutingContext:DocView 
2018-08-18 15:57:22.2375|BlogCore.EFWork.Infrastructure.AuthenticationAttribute|INFO|Admin:Microsoft.AspNetCore.Mvc.Filters.ActionExecutingContext:MenuAdd 
2018-08-18 15:57:22.7920|BlogCore.EFWork.Infrastructure.AuthenticationAttribute|INFO|Admin:Microsoft.AspNetCore.Mvc.Filters.ActionExecutingContext:DocView 
2018-08-18 15:57:26.7273|BlogCore.EFWork.Infrastructure.AuthenticationAttribute|INFO|Admin:Microsoft.AspNetCore.Mvc.Filters.ActionExecutingContext:DocView 
2018-08-18 15:57:27.5487|BlogCore.EFWork.Infrastructure.AuthenticationAttribute|INFO|Admin:Microsoft.AspNetCore.Mvc.Filters.ActionExecutingContext:DocView 
2018-08-18 15:57:28.9498|BlogCore.EFWork.Infrastructure.AuthenticationAttribute|INFO|Admin:Microsoft.AspNetCore.Mvc.Filters.ActionExecutingContext:DocView 
2018-08-18 15:57:30.5393|BlogCore.EFWork.Infrastructure.AuthenticationAttribute|INFO|Admin:Microsoft.AspNetCore.Mvc.Filters.ActionExecutingContext:DocView 
2018-08-18 15:57:32.2681|BlogCore.EFWork.Infrastructure.AuthenticationAttribute|INFO|Admin:Microsoft.AspNetCore.Mvc.Filters.ActionExecutingContext:DocView 
2018-08-18 15:57:35.3411|BlogCore.EFWork.Infrastructure.AuthenticationAttribute|INFO|Admin:Microsoft.AspNetCore.Mvc.Filters.ActionExecutingContext:Index 
2018-08-18 15:58:08.1376|BlogCore.EFWork.Infrastructure.AuthenticationAttribute|INFO|Admin:Microsoft.AspNetCore.Mvc.Filters.ActionExecutingContext:Index 
2018-08-18 15:58:10.6842|BlogCore.EFWork.Infrastructure.AuthenticationAttribute|INFO|Admin:Microsoft.AspNetCore.Mvc.Filters.ActionExecutingContext:MenuForm 
2018-08-18 15:58:23.8682|BlogCore.EFWork.Infrastructure.AuthenticationAttribute|INFO|Admin:Microsoft.AspNetCore.Mvc.Filters.ActionExecutingContext:MenuForm 
2018-08-18 15:58:41.1263|BlogCore.EFWork.Infrastructure.AuthenticationAttribute|INFO|Admin:Microsoft.AspNetCore.Mvc.Filters.ActionExecutingContext:Index 
2018-08-18 15:58:49.1973|BlogCore.EFWork.Infrastructure.AuthenticationAttribute|INFO|Admin:Microsoft.AspNetCore.Mvc.Filters.ActionExecutingContext:Index 
2018-08-18 15:58:49.2920|BlogCore.EFWork.Infrastructure.AuthenticationAttribute|INFO|Admin:Microsoft.AspNetCore.Mvc.Filters.ActionExecutingContext:DocView 
2018-08-18 15:58:50.9402|BlogCore.EFWork.Infrastructure.AuthenticationAttribute|INFO|Admin:Microsoft.AspNetCore.Mvc.Filters.ActionExecutingContext:DocView 
2018-08-18 15:58:51.9612|BlogCore.EFWork.Infrastructure.AuthenticationAttribute|INFO|Admin:Microsoft.AspNetCore.Mvc.Filters.ActionExecutingContext:DocView 
2018-08-18 16:04:19.5091|BlogCore.EFWork.Infrastructure.AuthenticationAttribute|INFO|admin:Microsoft.AspNetCore.Mvc.Filters.ActionExecutingContext:Index 
2018-08-18 16:04:29.1806|BlogCore.EFWork.Infrastructure.AuthenticationAttribute|INFO|Admin:Microsoft.AspNetCore.Mvc.Filters.ActionExecutingContext:Index 
2018-08-18 16:04:29.3676|BlogCore.EFWork.Infrastructure.AuthenticationAttribute|INFO|Admin:Microsoft.AspNetCore.Mvc.Filters.ActionExecutingContext:DocView 
2018-08-18 16:04:31.1638|BlogCore.EFWork.Infrastructure.AuthenticationAttribute|INFO|Admin:Microsoft.AspNetCore.Mvc.Filters.ActionExecutingContext:DocView 
2018-08-18 16:04:32.3571|BlogCore.EFWork.Infrastructure.AuthenticationAttribute|INFO|Admin:Microsoft.AspNetCore.Mvc.Filters.ActionExecutingContext:DocView 
2018-08-18 16:43:56.3046|BlogCore.EFWork.Infrastructure.AuthenticationAttribute|INFO|admin:Microsoft.AspNetCore.Mvc.Filters.ActionExecutingContext:Index 
2018-08-18 16:44:27.6649|BlogCore.EFWork.Infrastructure.AuthenticationAttribute|INFO|admin:Microsoft.AspNetCore.Mvc.Filters.ActionExecutingContext:Index 
2018-08-18 16:44:29.6905|BlogCore.EFWork.Infrastructure.AuthenticationAttribute|INFO|Admin:Microsoft.AspNetCore.Mvc.Filters.ActionExecutingContext:Index 
2018-08-18 16:44:29.8321|BlogCore.EFWork.Infrastructure.AuthenticationAttribute|INFO|Admin:Microsoft.AspNetCore.Mvc.Filters.ActionExecutingContext:DocView 
2018-08-18 16:44:51.7946|BlogCore.EFWork.Infrastructure.AuthenticationAttribute|INFO|Admin:Microsoft.AspNetCore.Mvc.Filters.ActionExecutingContext:Index 
2018-08-18 16:46:02.6653|BlogCore.EFWork.Infrastructure.AuthenticationAttribute|INFO|Admin:Microsoft.AspNetCore.Mvc.Filters.ActionExecutingContext:Index 
2018-08-18 16:48:12.6962|BlogCore.EFWork.Infrastructure.AuthenticationAttribute|INFO|admin:Microsoft.AspNetCore.Mvc.Filters.ActionExecutingContext:Index 
2018-08-18 16:48:16.3866|BlogCore.EFWork.Infrastructure.AuthenticationAttribute|INFO|admin:Microsoft.AspNetCore.Mvc.Filters.ActionExecutingContext:Index 
2018-08-18 16:50:43.8564|BlogCore.EFWork.Infrastructure.AuthenticationAttribute|INFO|admin:Microsoft.AspNetCore.Mvc.Filters.ActionExecutingContext:Index 
2018-08-18 16:50:46.5730|BlogCore.EFWork.Infrastructure.AuthenticationAttribute|INFO|Admin:Microsoft.AspNetCore.Mvc.Filters.ActionExecutingContext:Index 
2018-08-18 16:50:48.4065|BlogCore.EFWork.Infrastructure.AuthenticationAttribute|INFO|Admin:Microsoft.AspNetCore.Mvc.Filters.ActionExecutingContext:ArtForm 
2018-08-18 16:51:11.8305|BlogCore.EFWork.Infrastructure.AuthenticationAttribute|INFO|Admin:Microsoft.AspNetCore.Mvc.Filters.ActionExecutingContext:Index 
2018-08-18 16:51:14.0159|BlogCore.EFWork.Infrastructure.AuthenticationAttribute|INFO|Admin:Microsoft.AspNetCore.Mvc.Filters.ActionExecutingContext:ArtForm 
2018-08-18 16:51:29.0396|BlogCore.EFWork.Infrastructure.AuthenticationAttribute|INFO|Admin:Microsoft.AspNetCore.Mvc.Filters.ActionExecutingContext:Index 
2018-08-18 16:51:30.1814|BlogCore.EFWork.Infrastructure.AuthenticationAttribute|INFO|Admin:Microsoft.AspNetCore.Mvc.Filters.ActionExecutingContext:ArtForm 
2018-08-18 16:55:10.4975|BlogCore.EFWork.Infrastructure.AuthenticationAttribute|INFO|admin:Microsoft.AspNetCore.Mvc.Filters.ActionExecutingContext:Index 
2018-08-18 16:55:12.4848|BlogCore.EFWork.Infrastructure.AuthenticationAttribute|INFO|Admin:Microsoft.AspNetCore.Mvc.Filters.ActionExecutingContext:Index 
2018-08-18 16:55:12.6563|BlogCore.EFWork.Infrastructure.AuthenticationAttribute|INFO|Admin:Microsoft.AspNetCore.Mvc.Filters.ActionExecutingContext:DocView 
2018-08-18 16:55:13.1342|BlogCore.EFWork.Infrastructure.AuthenticationAttribute|INFO|Admin:Microsoft.AspNetCore.Mvc.Filters.ActionExecutingContext:Index 
2018-08-18 16:55:14.0605|BlogCore.EFWork.Infrastructure.AuthenticationAttribute|INFO|Admin:Microsoft.AspNetCore.Mvc.Filters.ActionExecutingContext:ArtForm 
2018-08-18 16:59:55.7277|BlogCore.EFWork.Infrastructure.AuthenticationAttribute|INFO|admin:Microsoft.AspNetCore.Mvc.Filters.ActionExecutingContext:Index 
2018-08-18 16:59:57.7930|BlogCore.EFWork.Infrastructure.AuthenticationAttribute|INFO|Admin:Microsoft.AspNetCore.Mvc.Filters.ActionExecutingContext:Index 
2018-08-18 16:59:58.8129|BlogCore.EFWork.Infrastructure.AuthenticationAttribute|INFO|Admin:Microsoft.AspNetCore.Mvc.Filters.ActionExecutingContext:ArtForm 
2018-08-18 17:00:42.9455|BlogCore.EFWork.Infrastructure.AuthenticationAttribute|INFO|admin:Microsoft.AspNetCore.Mvc.Filters.ActionExecutingContext:Index 
2018-08-18 17:00:44.9922|BlogCore.EFWork.Infrastructure.AuthenticationAttribute|INFO|Admin:Microsoft.AspNetCore.Mvc.Filters.ActionExecutingContext:Index 
2018-08-18 17:00:46.4482|BlogCore.EFWork.Infrastructure.AuthenticationAttribute|INFO|Admin:Microsoft.AspNetCore.Mvc.Filters.ActionExecutingContext:ArtForm 
2018-08-18 17:16:34.1358|BlogCore.EFWork.Infrastructure.AuthenticationAttribute|INFO|admin:Microsoft.AspNetCore.Mvc.Filters.ActionExecutingContext:Index 
2018-08-18 17:16:36.8421|BlogCore.EFWork.Infrastructure.AuthenticationAttribute|INFO|Admin:Microsoft.AspNetCore.Mvc.Filters.ActionExecutingContext:Index 
2018-08-18 17:16:37.7861|BlogCore.EFWork.Infrastructure.AuthenticationAttribute|INFO|Admin:Microsoft.AspNetCore.Mvc.Filters.ActionExecutingContext:ArtForm 
2018-08-18 17:17:21.7428|BlogCore.EFWork.Infrastructure.AuthenticationAttribute|INFO|admin:Microsoft.AspNetCore.Mvc.Filters.ActionExecutingContext:Index 
2018-08-18 17:17:23.6367|BlogCore.EFWork.Infrastructure.AuthenticationAttribute|INFO|Admin:Microsoft.AspNetCore.Mvc.Filters.ActionExecutingContext:Index 
2018-08-18 17:17:24.9521|BlogCore.EFWork.Infrastructure.AuthenticationAttribute|INFO|Admin:Microsoft.AspNetCore.Mvc.Filters.ActionExecutingContext:ArtForm 
2018-08-18 17:19:01.2115|BlogCore.EFWork.Infrastructure.AuthenticationAttribute|INFO|admin:Microsoft.AspNetCore.Mvc.Filters.ActionExecutingContext:Index 
2018-08-18 17:19:02.8457|BlogCore.EFWork.Infrastructure.AuthenticationAttribute|INFO|Admin:Microsoft.AspNetCore.Mvc.Filters.ActionExecutingContext:Index 
2018-08-18 17:19:03.8631|BlogCore.EFWork.Infrastructure.AuthenticationAttribute|INFO|Admin:Microsoft.AspNetCore.Mvc.Filters.ActionExecutingContext:ArtForm 
2018-08-18 17:40:50.8070|BlogCore.EFWork.Infrastructure.AuthenticationAttribute|INFO|admin:Microsoft.AspNetCore.Mvc.Filters.ActionExecutingContext:Index 
2018-08-18 17:41:26.7017|BlogCore.EFWork.Infrastructure.AuthenticationAttribute|INFO|admin:Microsoft.AspNetCore.Mvc.Filters.ActionExecutingContext:Index 
2018-08-18 17:41:31.0546|BlogCore.EFWork.Infrastructure.AuthenticationAttribute|INFO|Admin:Microsoft.AspNetCore.Mvc.Filters.ActionExecutingContext:Index 
2018-08-18 17:41:31.3014|BlogCore.EFWork.Infrastructure.AuthenticationAttribute|INFO|Admin:Microsoft.AspNetCore.Mvc.Filters.ActionExecutingContext:DocView 
2018-08-18 17:42:51.2599|BlogCore.EFWork.Infrastructure.AuthenticationAttribute|INFO|admin:Microsoft.AspNetCore.Mvc.Filters.ActionExecutingContext:Index 
2018-08-18 17:42:52.8377|BlogCore.EFWork.Infrastructure.AuthenticationAttribute|INFO|Admin:Microsoft.AspNetCore.Mvc.Filters.ActionExecutingContext:Index 
2018-08-18 17:42:54.7661|BlogCore.EFWork.Infrastructure.AuthenticationAttribute|INFO|Admin:Microsoft.AspNetCore.Mvc.Filters.ActionExecutingContext:ArtForm 
2018-08-18 17:43:35.1262|BlogCore.EFWork.Infrastructure.AuthenticationAttribute|INFO|admin:Microsoft.AspNetCore.Mvc.Filters.ActionExecutingContext:Index 
2018-08-18 17:43:36.7857|BlogCore.EFWork.Infrastructure.AuthenticationAttribute|INFO|Admin:Microsoft.AspNetCore.Mvc.Filters.ActionExecutingContext:Index 
2018-08-18 17:43:38.2166|BlogCore.EFWork.Infrastructure.AuthenticationAttribute|INFO|Admin:Microsoft.AspNetCore.Mvc.Filters.ActionExecutingContext:ArtForm 
2018-08-18 17:43:51.4306|BlogCore.EFWork.Infrastructure.AuthenticationAttribute|INFO|Admin:Microsoft.AspNetCore.Mvc.Filters.ActionExecutingContext:Index 
2018-08-18 17:43:53.7274|BlogCore.EFWork.Infrastructure.AuthenticationAttribute|INFO|Admin:Microsoft.AspNetCore.Mvc.Filters.ActionExecutingContext:ArtForm 
2018-08-18 17:44:05.3112|BlogCore.EFWork.Infrastructure.AuthenticationAttribute|INFO|Admin:Microsoft.AspNetCore.Mvc.Filters.ActionExecutingContext:Index 
2018-08-18 17:44:06.5973|BlogCore.EFWork.Infrastructure.AuthenticationAttribute|INFO|Admin:Microsoft.AspNetCore.Mvc.Filters.ActionExecutingContext:ArtForm 
2018-08-18 17:44:27.9630|BlogCore.EFWork.Infrastructure.AuthenticationAttribute|INFO|Admin:Microsoft.AspNetCore.Mvc.Filters.ActionExecutingContext:ArtForm 
2018-08-18 17:47:08.8220|BlogCore.EFWork.Infrastructure.AuthenticationAttribute|INFO|Admin:Microsoft.AspNetCore.Mvc.Filters.ActionExecutingContext:Index 
2018-08-18 17:47:09.9622|BlogCore.EFWork.Infrastructure.AuthenticationAttribute|INFO|Admin:Microsoft.AspNetCore.Mvc.Filters.ActionExecutingContext:ArtForm 
2018-08-18 17:47:25.6695|BlogCore.EFWork.Infrastructure.AuthenticationAttribute|INFO|Admin:Microsoft.AspNetCore.Mvc.Filters.ActionExecutingContext:Index 
2018-08-18 17:47:26.9142|BlogCore.EFWork.Infrastructure.AuthenticationAttribute|INFO|Admin:Microsoft.AspNetCore.Mvc.Filters.ActionExecutingContext:ArtForm 
2018-08-18 17:47:37.4231|BlogCore.EFWork.Infrastructure.AuthenticationAttribute|INFO|Admin:Microsoft.AspNetCore.Mvc.Filters.ActionExecutingContext:Index 
2018-08-18 17:47:38.6451|BlogCore.EFWork.Infrastructure.AuthenticationAttribute|INFO|Admin:Microsoft.AspNetCore.Mvc.Filters.ActionExecutingContext:ArtForm 
2018-08-18 17:47:49.6345|BlogCore.EFWork.Infrastructure.AuthenticationAttribute|INFO|Admin:Microsoft.AspNetCore.Mvc.Filters.ActionExecutingContext:Index 
2018-08-18 17:47:50.6482|BlogCore.EFWork.Infrastructure.AuthenticationAttribute|INFO|Admin:Microsoft.AspNetCore.Mvc.Filters.ActionExecutingContext:ArtForm 
2018-08-18 17:48:22.2920|BlogCore.EFWork.Infrastructure.AuthenticationAttribute|INFO|Admin:Microsoft.AspNetCore.Mvc.Filters.ActionExecutingContext:Index 
2018-08-18 17:48:23.5416|BlogCore.EFWork.Infrastructure.AuthenticationAttribute|INFO|Admin:Microsoft.AspNetCore.Mvc.Filters.ActionExecutingContext:ArtForm 
2018-08-18 17:48:28.8605|BlogCore.EFWork.Infrastructure.AuthenticationAttribute|INFO|Admin:Microsoft.AspNetCore.Mvc.Filters.ActionExecutingContext:ArtForm 
2018-08-18 17:48:45.7265|BlogCore.EFWork.Infrastructure.AuthenticationAttribute|INFO|Admin:Microsoft.AspNetCore.Mvc.Filters.ActionExecutingContext:Index 
2018-08-18 17:49:05.1190|BlogCore.EFWork.Infrastructure.AuthenticationAttribute|INFO|Admin:Microsoft.AspNetCore.Mvc.Filters.ActionExecutingContext:Index 
2018-08-18 17:49:06.4937|BlogCore.EFWork.Infrastructure.AuthenticationAttribute|INFO|Admin:Microsoft.AspNetCore.Mvc.Filters.ActionExecutingContext:ArtForm 
2018-08-18 17:49:18.6277|BlogCore.EFWork.Infrastructure.AuthenticationAttribute|INFO|Admin:Microsoft.AspNetCore.Mvc.Filters.ActionExecutingContext:Index 
2018-08-18 17:49:19.9099|BlogCore.EFWork.Infrastructure.AuthenticationAttribute|INFO|Admin:Microsoft.AspNetCore.Mvc.Filters.ActionExecutingContext:ArtForm 
2018-08-18 17:49:29.1748|BlogCore.EFWork.Infrastructure.AuthenticationAttribute|INFO|Admin:Microsoft.AspNetCore.Mvc.Filters.ActionExecutingContext:Index 
2018-08-18 17:49:30.3168|BlogCore.EFWork.Infrastructure.AuthenticationAttribute|INFO|Admin:Microsoft.AspNetCore.Mvc.Filters.ActionExecutingContext:ArtForm 
2018-08-18 17:49:37.0952|BlogCore.EFWork.Infrastructure.AuthenticationAttribute|INFO|Admin:Microsoft.AspNetCore.Mvc.Filters.ActionExecutingContext:Index 
2018-08-18 17:49:38.3526|BlogCore.EFWork.Infrastructure.AuthenticationAttribute|INFO|Admin:Microsoft.AspNetCore.Mvc.Filters.ActionExecutingContext:ArtForm 
2018-08-18 17:53:43.0485|BlogCore.EFWork.Infrastructure.AuthenticationAttribute|INFO|Admin:Microsoft.AspNetCore.Mvc.Filters.ActionExecutingContext:ArtForm 
2018-08-18 18:01:56.6340|BlogCore.EFWork.Infrastructure.AuthenticationAttribute|INFO|admin:Microsoft.AspNetCore.Mvc.Filters.ActionExecutingContext:Index 
2018-08-18 18:01:59.2605|BlogCore.EFWork.Infrastructure.AuthenticationAttribute|INFO|Admin:Microsoft.AspNetCore.Mvc.Filters.ActionExecutingContext:Index 
2018-08-18 18:02:00.9666|BlogCore.EFWork.Infrastructure.AuthenticationAttribute|INFO|Admin:Microsoft.AspNetCore.Mvc.Filters.ActionExecutingContext:ArtForm 
2018-08-18 18:03:01.9148|BlogCore.EFWork.Infrastructure.AuthenticationAttribute|INFO|admin:Microsoft.AspNetCore.Mvc.Filters.ActionExecutingContext:Index 
2018-08-18 18:03:03.5575|BlogCore.EFWork.Infrastructure.AuthenticationAttribute|INFO|Admin:Microsoft.AspNetCore.Mvc.Filters.ActionExecutingContext:Index 
2018-08-18 18:03:04.9861|BlogCore.EFWork.Infrastructure.AuthenticationAttribute|INFO|Admin:Microsoft.AspNetCore.Mvc.Filters.ActionExecutingContext:ArtForm 
2018-08-18 18:03:13.3112|BlogCore.EFWork.Infrastructure.AuthenticationAttribute|INFO|Admin:Microsoft.AspNetCore.Mvc.Filters.ActionExecutingContext:ArtAdd 
2018-08-18 18:04:01.4145|BlogCore.EFWork.Infrastructure.AuthenticationAttribute|INFO|Admin:Microsoft.AspNetCore.Mvc.Filters.ActionExecutingContext:ArtAdd 
2018-08-18 18:06:47.7437|BlogCore.EFWork.Infrastructure.AuthenticationAttribute|INFO|admin:Microsoft.AspNetCore.Mvc.Filters.ActionExecutingContext:Index 
2018-08-18 18:06:49.3899|BlogCore.EFWork.Infrastructure.AuthenticationAttribute|INFO|Admin:Microsoft.AspNetCore.Mvc.Filters.ActionExecutingContext:Index 
2018-08-18 18:06:50.7593|BlogCore.EFWork.Infrastructure.AuthenticationAttribute|INFO|Admin:Microsoft.AspNetCore.Mvc.Filters.ActionExecutingContext:ArtForm 
2018-08-18 18:07:11.4140|BlogCore.EFWork.Infrastructure.AuthenticationAttribute|INFO|Admin:Microsoft.AspNetCore.Mvc.Filters.ActionExecutingContext:ArtForm 
2018-08-18 18:07:17.3348|BlogCore.EFWork.Infrastructure.AuthenticationAttribute|INFO|Admin:Microsoft.AspNetCore.Mvc.Filters.ActionExecutingContext:ArtAdd 
2018-08-18 18:08:39.8254|BlogCore.EFWork.Infrastructure.AuthenticationAttribute|INFO|admin:Microsoft.AspNetCore.Mvc.Filters.ActionExecutingContext:Index 
2018-08-18 18:08:41.4382|BlogCore.EFWork.Infrastructure.AuthenticationAttribute|INFO|Admin:Microsoft.AspNetCore.Mvc.Filters.ActionExecutingContext:Index 
2018-08-18 18:08:42.6586|BlogCore.EFWork.Infrastructure.AuthenticationAttribute|INFO|Admin:Microsoft.AspNetCore.Mvc.Filters.ActionExecutingContext:ArtForm 
2018-08-18 18:08:47.4745|BlogCore.EFWork.Infrastructure.AuthenticationAttribute|INFO|Admin:Microsoft.AspNetCore.Mvc.Filters.ActionExecutingContext:ArtAdd 
2018-08-18 18:16:59.6351|BlogCore.EFWork.Infrastructure.AuthenticationAttribute|INFO|admin:Microsoft.AspNetCore.Mvc.Filters.ActionExecutingContext:Index 
2018-08-18 18:17:01.3676|BlogCore.EFWork.Infrastructure.AuthenticationAttribute|INFO|Admin:Microsoft.AspNetCore.Mvc.Filters.ActionExecutingContext:Index 
2018-08-18 18:17:01.5686|BlogCore.EFWork.Infrastructure.AuthenticationAttribute|INFO|Admin:Microsoft.AspNetCore.Mvc.Filters.ActionExecutingContext:DocView 
2018-08-18 18:17:40.1991|BlogCore.EFWork.Infrastructure.AuthenticationAttribute|INFO|admin:Microsoft.AspNetCore.Mvc.Filters.ActionExecutingContext:Index 
2018-08-18 18:17:42.7157|BlogCore.EFWork.Infrastructure.AuthenticationAttribute|INFO|Admin:Microsoft.AspNetCore.Mvc.Filters.ActionExecutingContext:Index 
2018-08-18 18:17:43.0036|BlogCore.EFWork.Infrastructure.AuthenticationAttribute|INFO|Admin:Microsoft.AspNetCore.Mvc.Filters.ActionExecutingContext:DocView 
2018-08-18 18:18:34.7330|BlogCore.EFWork.Infrastructure.AuthenticationAttribute|INFO|admin:Microsoft.AspNetCore.Mvc.Filters.ActionExecutingContext:Index 
2018-08-18 18:18:36.3312|BlogCore.EFWork.Infrastructure.AuthenticationAttribute|INFO|Admin:Microsoft.AspNetCore.Mvc.Filters.ActionExecutingContext:Index 
2018-08-18 18:18:36.5835|BlogCore.EFWork.Infrastructure.AuthenticationAttribute|INFO|Admin:Microsoft.AspNetCore.Mvc.Filters.ActionExecutingContext:DocView 
2018-08-18 18:19:34.2006|BlogCore.EFWork.Infrastructure.AuthenticationAttribute|INFO|admin:Microsoft.AspNetCore.Mvc.Filters.ActionExecutingContext:Index 
2018-08-18 18:19:35.8840|BlogCore.EFWork.Infrastructure.AuthenticationAttribute|INFO|Admin:Microsoft.AspNetCore.Mvc.Filters.ActionExecutingContext:Index 
2018-08-18 18:19:36.1372|BlogCore.EFWork.Infrastructure.AuthenticationAttribute|INFO|Admin:Microsoft.AspNetCore.Mvc.Filters.ActionExecutingContext:DocView 
2018-08-18 18:20:12.2138|BlogCore.EFWork.Infrastructure.AuthenticationAttribute|INFO|admin:Microsoft.AspNetCore.Mvc.Filters.ActionExecutingContext:Index 
2018-08-18 18:20:13.7924|BlogCore.EFWork.Infrastructure.AuthenticationAttribute|INFO|Admin:Microsoft.AspNetCore.Mvc.Filters.ActionExecutingContext:Index 
2018-08-18 18:20:14.0262|BlogCore.EFWork.Infrastructure.AuthenticationAttribute|INFO|Admin:Microsoft.AspNetCore.Mvc.Filters.ActionExecutingContext:DocView 
2018-08-18 18:21:10.4964|BlogCore.EFWork.Infrastructure.AuthenticationAttribute|INFO|admin:Microsoft.AspNetCore.Mvc.Filters.ActionExecutingContext:Index 
2018-08-18 18:21:12.1672|BlogCore.EFWork.Infrastructure.AuthenticationAttribute|INFO|Admin:Microsoft.AspNetCore.Mvc.Filters.ActionExecutingContext:Index 
2018-08-18 18:21:12.4311|BlogCore.EFWork.Infrastructure.AuthenticationAttribute|INFO|Admin:Microsoft.AspNetCore.Mvc.Filters.ActionExecutingContext:DocView 
2018-08-18 18:25:35.4154|BlogCore.EFWork.Infrastructure.AuthenticationAttribute|INFO|admin:Microsoft.AspNetCore.Mvc.Filters.ActionExecutingContext:Index 
2018-08-18 18:25:36.9164|BlogCore.EFWork.Infrastructure.AuthenticationAttribute|INFO|Admin:Microsoft.AspNetCore.Mvc.Filters.ActionExecutingContext:Index 
2018-08-18 18:25:37.1826|BlogCore.EFWork.Infrastructure.AuthenticationAttribute|INFO|Admin:Microsoft.AspNetCore.Mvc.Filters.ActionExecutingContext:DocView 
2018-08-18 18:26:47.1542|BlogCore.EFWork.Infrastructure.AuthenticationAttribute|INFO|admin:Microsoft.AspNetCore.Mvc.Filters.ActionExecutingContext:Index 
2018-08-18 18:26:48.7918|BlogCore.EFWork.Infrastructure.AuthenticationAttribute|INFO|Admin:Microsoft.AspNetCore.Mvc.Filters.ActionExecutingContext:Index 
2018-08-18 18:26:49.0057|BlogCore.EFWork.Infrastructure.AuthenticationAttribute|INFO|Admin:Microsoft.AspNetCore.Mvc.Filters.ActionExecutingContext:DocView 
2018-08-18 18:26:59.9562|BlogCore.EFWork.Infrastructure.AuthenticationAttribute|INFO|Admin:Microsoft.AspNetCore.Mvc.Filters.ActionExecutingContext:Index 
2018-08-18 18:27:00.0554|BlogCore.EFWork.Infrastructure.AuthenticationAttribute|INFO|Admin:Microsoft.AspNetCore.Mvc.Filters.ActionExecutingContext:DocView 
2018-08-18 18:27:05.4488|BlogCore.EFWork.Infrastructure.AuthenticationAttribute|INFO|Admin:Microsoft.AspNetCore.Mvc.Filters.ActionExecutingContext:ArtForm 
2018-08-18 18:27:20.4490|BlogCore.EFWork.Infrastructure.AuthenticationAttribute|INFO|Admin:Microsoft.AspNetCore.Mvc.Filters.ActionExecutingContext:Index 
2018-08-18 18:27:20.7663|BlogCore.EFWork.Infrastructure.AuthenticationAttribute|INFO|Admin:Microsoft.AspNetCore.Mvc.Filters.ActionExecutingContext:DocView 
2018-08-18 18:27:22.5403|BlogCore.EFWork.Infrastructure.AuthenticationAttribute|INFO|Admin:Microsoft.AspNetCore.Mvc.Filters.ActionExecutingContext:ArtForm 
2018-08-18 18:27:29.9614|BlogCore.EFWork.Infrastructure.AuthenticationAttribute|INFO|Admin:Microsoft.AspNetCore.Mvc.Filters.ActionExecutingContext:Index 
2018-08-18 18:27:30.2116|BlogCore.EFWork.Infrastructure.AuthenticationAttribute|INFO|Admin:Microsoft.AspNetCore.Mvc.Filters.ActionExecutingContext:DocView 
2018-08-18 18:27:31.2433|BlogCore.EFWork.Infrastructure.AuthenticationAttribute|INFO|Admin:Microsoft.AspNetCore.Mvc.Filters.ActionExecutingContext:ArtForm 
2018-08-18 19:18:06.2811|BlogCore.EFWork.Infrastructure.AuthenticationAttribute|INFO|admin:Microsoft.AspNetCore.Mvc.Filters.ActionExecutingContext:Index 
2018-08-18 19:18:08.3629|BlogCore.EFWork.Infrastructure.AuthenticationAttribute|INFO|Admin:Microsoft.AspNetCore.Mvc.Filters.ActionExecutingContext:Index 
2018-08-18 19:18:08.6659|BlogCore.EFWork.Infrastructure.AuthenticationAttribute|INFO|Admin:Microsoft.AspNetCore.Mvc.Filters.ActionExecutingContext:DocView 
2018-08-18 19:18:14.6832|BlogCore.EFWork.Infrastructure.AuthenticationAttribute|INFO|Admin:Microsoft.AspNetCore.Mvc.Filters.ActionExecutingContext:DocView 
2018-08-18 19:18:17.5641|BlogCore.EFWork.Infrastructure.AuthenticationAttribute|INFO|Admin:Microsoft.AspNetCore.Mvc.Filters.ActionExecutingContext:DocView 
2018-08-18 19:18:19.7695|BlogCore.EFWork.Infrastructure.AuthenticationAttribute|INFO|Admin:Microsoft.AspNetCore.Mvc.Filters.ActionExecutingContext:DocView 
2018-08-18 19:18:21.8681|BlogCore.EFWork.Infrastructure.AuthenticationAttribute|INFO|Admin:Microsoft.AspNetCore.Mvc.Filters.ActionExecutingContext:DocView 
2018-08-18 19:18:23.6906|BlogCore.EFWork.Infrastructure.AuthenticationAttribute|INFO|Admin:Microsoft.AspNetCore.Mvc.Filters.ActionExecutingContext:DocView 
2018-08-18 19:18:47.1203|BlogCore.EFWork.Infrastructure.AuthenticationAttribute|INFO|Admin:Microsoft.AspNetCore.Mvc.Filters.ActionExecutingContext:Index 
2018-08-18 19:18:49.2279|BlogCore.EFWork.Infrastructure.AuthenticationAttribute|INFO|Admin:Microsoft.AspNetCore.Mvc.Filters.ActionExecutingContext:DocView 
2018-08-18 19:18:53.3251|BlogCore.EFWork.Infrastructure.AuthenticationAttribute|INFO|Admin:Microsoft.AspNetCore.Mvc.Filters.ActionExecutingContext:DocView 
2018-08-18 19:19:07.6076|BlogCore.EFWork.Infrastructure.AuthenticationAttribute|INFO|Admin:Microsoft.AspNetCore.Mvc.Filters.ActionExecutingContext:Index 
2018-08-18 19:19:08.0285|BlogCore.EFWork.Infrastructure.AuthenticationAttribute|INFO|Admin:Microsoft.AspNetCore.Mvc.Filters.ActionExecutingContext:DocView 
2018-08-18 19:19:09.9000|BlogCore.EFWork.Infrastructure.AuthenticationAttribute|INFO|Admin:Microsoft.AspNetCore.Mvc.Filters.ActionExecutingContext:DocView 
2018-08-18 19:19:11.1695|BlogCore.EFWork.Infrastructure.AuthenticationAttribute|INFO|Admin:Microsoft.AspNetCore.Mvc.Filters.ActionExecutingContext:DocView 
2018-08-18 19:19:12.0822|BlogCore.EFWork.Infrastructure.AuthenticationAttribute|INFO|Admin:Microsoft.AspNetCore.Mvc.Filters.ActionExecutingContext:DocView 
2018-08-18 19:19:15.3166|BlogCore.EFWork.Infrastructure.AuthenticationAttribute|INFO|Admin:Microsoft.AspNetCore.Mvc.Filters.ActionExecutingContext:DocView 
2018-08-18 19:19:16.3062|BlogCore.EFWork.Infrastructure.AuthenticationAttribute|INFO|Admin:Microsoft.AspNetCore.Mvc.Filters.ActionExecutingContext:DocView 
2018-08-18 19:19:18.8217|BlogCore.EFWork.Infrastructure.AuthenticationAttribute|INFO|Admin:Microsoft.AspNetCore.Mvc.Filters.ActionExecutingContext:DocView 
2018-08-18 19:19:52.1842|BlogCore.EFWork.Infrastructure.AuthenticationAttribute|INFO|Admin:Microsoft.AspNetCore.Mvc.Filters.ActionExecutingContext:DocView 
2018-08-18 19:21:01.3552|BlogCore.EFWork.Infrastructure.AuthenticationAttribute|INFO|admin:Microsoft.AspNetCore.Mvc.Filters.ActionExecutingContext:Index 
2018-08-18 19:21:03.5316|BlogCore.EFWork.Infrastructure.AuthenticationAttribute|INFO|Admin:Microsoft.AspNetCore.Mvc.Filters.ActionExecutingContext:Index 
2018-08-18 19:21:03.8482|BlogCore.EFWork.Infrastructure.AuthenticationAttribute|INFO|Admin:Microsoft.AspNetCore.Mvc.Filters.ActionExecutingContext:DocView 
2018-08-18 19:21:10.5267|BlogCore.EFWork.Infrastructure.AuthenticationAttribute|INFO|Admin:Microsoft.AspNetCore.Mvc.Filters.ActionExecutingContext:DocView 
2018-08-18 19:21:40.9543|BlogCore.EFWork.Infrastructure.AuthenticationAttribute|INFO|admin:Microsoft.AspNetCore.Mvc.Filters.ActionExecutingContext:Index 
2018-08-18 19:21:42.3879|BlogCore.EFWork.Infrastructure.AuthenticationAttribute|INFO|Admin:Microsoft.AspNetCore.Mvc.Filters.ActionExecutingContext:Index 
2018-08-18 19:21:42.6832|BlogCore.EFWork.Infrastructure.AuthenticationAttribute|INFO|Admin:Microsoft.AspNetCore.Mvc.Filters.ActionExecutingContext:DocView 
2018-08-18 19:21:45.3689|BlogCore.EFWork.Infrastructure.AuthenticationAttribute|INFO|Admin:Microsoft.AspNetCore.Mvc.Filters.ActionExecutingContext:DocView 
2018-08-18 19:21:48.4791|BlogCore.EFWork.Infrastructure.AuthenticationAttribute|INFO|Admin:Microsoft.AspNetCore.Mvc.Filters.ActionExecutingContext:DocView 
2018-08-18 19:21:50.0240|BlogCore.EFWork.Infrastructure.AuthenticationAttribute|INFO|Admin:Microsoft.AspNetCore.Mvc.Filters.ActionExecutingContext:DocView 
2018-08-18 19:21:52.8735|BlogCore.EFWork.Infrastructure.AuthenticationAttribute|INFO|Admin:Microsoft.AspNetCore.Mvc.Filters.ActionExecutingContext:DocView 
2018-08-18 19:21:55.1489|BlogCore.EFWork.Infrastructure.AuthenticationAttribute|INFO|Admin:Microsoft.AspNetCore.Mvc.Filters.ActionExecutingContext:DocView 
2018-08-18 19:21:56.2749|BlogCore.EFWork.Infrastructure.AuthenticationAttribute|INFO|Admin:Microsoft.AspNetCore.Mvc.Filters.ActionExecutingContext:DocView 
2018-08-18 19:21:56.8211|BlogCore.EFWork.Infrastructure.AuthenticationAttribute|INFO|Admin:Microsoft.AspNetCore.Mvc.Filters.ActionExecutingContext:DocView 
2018-08-18 19:33:39.6657|BlogCore.EFWork.Infrastructure.AuthenticationAttribute|INFO|admin:Microsoft.AspNetCore.Mvc.Filters.ActionExecutingContext:Index 
2018-08-18 19:33:41.4790|BlogCore.EFWork.Infrastructure.AuthenticationAttribute|INFO|Admin:Microsoft.AspNetCore.Mvc.Filters.ActionExecutingContext:Index 
2018-08-18 19:33:41.7732|BlogCore.EFWork.Infrastructure.AuthenticationAttribute|INFO|Admin:Microsoft.AspNetCore.Mvc.Filters.ActionExecutingContext:DocView 
2018-08-18 19:33:44.0153|BlogCore.EFWork.Infrastructure.AuthenticationAttribute|INFO|Admin:Microsoft.AspNetCore.Mvc.Filters.ActionExecutingContext:ArtForm 
2018-08-18 19:33:44.0580|BlogCore.EFWork.Infrastructure.AuthenticationAttribute|INFO|Admin:Microsoft.AspNetCore.Mvc.Filters.ActionExecutingContext:DocView 
2018-08-18 19:33:55.3241|BlogCore.EFWork.Infrastructure.AuthenticationAttribute|INFO|Admin:Microsoft.AspNetCore.Mvc.Filters.ActionExecutingContext:ArtAdd 
2018-08-18 19:36:17.7789|BlogCore.EFWork.Infrastructure.AuthenticationAttribute|INFO|Admin:Microsoft.AspNetCore.Mvc.Filters.ActionExecutingContext:Index 
2018-08-18 19:36:17.8721|BlogCore.EFWork.Infrastructure.AuthenticationAttribute|INFO|Admin:Microsoft.AspNetCore.Mvc.Filters.ActionExecutingContext:DocView 
2018-08-18 19:36:19.4785|BlogCore.EFWork.Infrastructure.AuthenticationAttribute|INFO|Admin:Microsoft.AspNetCore.Mvc.Filters.ActionExecutingContext:ArtForm 
2018-08-18 19:36:19.5022|BlogCore.EFWork.Infrastructure.AuthenticationAttribute|INFO|Admin:Microsoft.AspNetCore.Mvc.Filters.ActionExecutingContext:DocView 
2018-08-18 20:57:41.4162|BlogCore.EFWork.Infrastructure.AuthenticationAttribute|INFO|admin:Microsoft.AspNetCore.Mvc.Filters.ActionExecutingContext:Index 
2018-08-18 20:57:45.1527|BlogCore.EFWork.Infrastructure.AuthenticationAttribute|INFO|Admin:Microsoft.AspNetCore.Mvc.Filters.ActionExecutingContext:Index 
2018-08-18 20:57:45.3887|BlogCore.EFWork.Infrastructure.AuthenticationAttribute|INFO|Admin:Microsoft.AspNetCore.Mvc.Filters.ActionExecutingContext:DocView 
2018-08-18 20:57:47.8376|BlogCore.EFWork.Infrastructure.AuthenticationAttribute|INFO|Admin:Microsoft.AspNetCore.Mvc.Filters.ActionExecutingContext:ArtForm 
2018-08-18 20:57:47.8518|BlogCore.EFWork.Infrastructure.AuthenticationAttribute|INFO|Admin:Microsoft.AspNetCore.Mvc.Filters.ActionExecutingContext:DocView 
2018-08-18 20:57:55.4613|BlogCore.EFWork.Infrastructure.AuthenticationAttribute|INFO|Admin:Microsoft.AspNetCore.Mvc.Filters.ActionExecutingContext:ArtAdd 
2018-08-18 20:58:00.6718|BlogCore.EFWork.Infrastructure.AuthenticationAttribute|INFO|Admin:Microsoft.AspNetCore.Mvc.Filters.ActionExecutingContext:DocView 
2018-08-18 20:58:01.7514|BlogCore.EFWork.Infrastructure.AuthenticationAttribute|INFO|Admin:Microsoft.AspNetCore.Mvc.Filters.ActionExecutingContext:Index 
2018-08-18 20:58:01.8310|BlogCore.EFWork.Infrastructure.AuthenticationAttribute|INFO|Admin:Microsoft.AspNetCore.Mvc.Filters.ActionExecutingContext:DocView 
2018-08-18 20:58:02.9933|BlogCore.EFWork.Infrastructure.AuthenticationAttribute|INFO|Admin:Microsoft.AspNetCore.Mvc.Filters.ActionExecutingContext:Index 
2018-08-18 20:58:03.0831|BlogCore.EFWork.Infrastructure.AuthenticationAttribute|INFO|Admin:Microsoft.AspNetCore.Mvc.Filters.ActionExecutingContext:DocView 
2018-08-18 20:58:03.5399|BlogCore.EFWork.Infrastructure.AuthenticationAttribute|INFO|Admin:Microsoft.AspNetCore.Mvc.Filters.ActionExecutingContext:Index 
2018-08-18 20:58:03.6082|BlogCore.EFWork.Infrastructure.AuthenticationAttribute|INFO|Admin:Microsoft.AspNetCore.Mvc.Filters.ActionExecutingContext:DocView 
2018-08-18 20:58:21.5396|BlogCore.EFWork.Infrastructure.AuthenticationAttribute|INFO|Admin:Microsoft.AspNetCore.Mvc.Filters.ActionExecutingContext:ArtForm 
2018-08-18 20:58:21.5396|BlogCore.EFWork.Infrastructure.AuthenticationAttribute|INFO|Admin:Microsoft.AspNetCore.Mvc.Filters.ActionExecutingContext:DocView 
2018-08-18 20:58:28.9164|BlogCore.EFWork.Infrastructure.AuthenticationAttribute|INFO|Admin:Microsoft.AspNetCore.Mvc.Filters.ActionExecutingContext:ArtAdd 
2018-08-18 20:58:41.2912|BlogCore.EFWork.Infrastructure.AuthenticationAttribute|INFO|Admin:Microsoft.AspNetCore.Mvc.Filters.ActionExecutingContext:DocView 
2018-08-18 20:58:42.1991|BlogCore.EFWork.Infrastructure.AuthenticationAttribute|INFO|Admin:Microsoft.AspNetCore.Mvc.Filters.ActionExecutingContext:DocView 
2018-08-18 21:18:36.5564|BlogCore.EFWork.Infrastructure.AuthenticationAttribute|INFO|admin:Microsoft.AspNetCore.Mvc.Filters.ActionExecutingContext:Index 
2018-08-18 21:18:39.4803|BlogCore.EFWork.Infrastructure.AuthenticationAttribute|INFO|Admin:Microsoft.AspNetCore.Mvc.Filters.ActionExecutingContext:Index 
2018-08-18 21:18:39.7223|BlogCore.EFWork.Infrastructure.AuthenticationAttribute|INFO|Admin:Microsoft.AspNetCore.Mvc.Filters.ActionExecutingContext:DocView 
2018-08-18 21:18:40.5726|BlogCore.EFWork.Infrastructure.AuthenticationAttribute|INFO|Admin:Microsoft.AspNetCore.Mvc.Filters.ActionExecutingContext:ArtForm 
2018-08-18 21:19:36.0990|BlogCore.EFWork.Infrastructure.AuthenticationAttribute|INFO|Admin:Microsoft.AspNetCore.Mvc.Filters.ActionExecutingContext:ArtAdd 
2018-08-18 21:19:40.2035|BlogCore.EFWork.Infrastructure.AuthenticationAttribute|INFO|Admin:Microsoft.AspNetCore.Mvc.Filters.ActionExecutingContext:Index 
2018-08-18 21:19:40.3564|BlogCore.EFWork.Infrastructure.AuthenticationAttribute|INFO|Admin:Microsoft.AspNetCore.Mvc.Filters.ActionExecutingContext:DocView 
2018-08-18 21:19:43.9536|BlogCore.EFWork.Infrastructure.AuthenticationAttribute|INFO|Admin:Microsoft.AspNetCore.Mvc.Filters.ActionExecutingContext:Index 
2018-08-18 21:19:44.0872|BlogCore.EFWork.Infrastructure.AuthenticationAttribute|INFO|Admin:Microsoft.AspNetCore.Mvc.Filters.ActionExecutingContext:DocView 
2018-08-18 21:19:53.6975|BlogCore.EFWork.Infrastructure.AuthenticationAttribute|INFO|Admin:Microsoft.AspNetCore.Mvc.Filters.ActionExecutingContext:Index 
2018-08-18 21:19:53.8203|BlogCore.EFWork.Infrastructure.AuthenticationAttribute|INFO|Admin:Microsoft.AspNetCore.Mvc.Filters.ActionExecutingContext:DocView 
2018-08-18 21:19:56.4965|BlogCore.EFWork.Infrastructure.AuthenticationAttribute|INFO|Admin:Microsoft.AspNetCore.Mvc.Filters.ActionExecutingContext:DocView 
2018-08-18 21:19:57.6077|BlogCore.EFWork.Infrastructure.AuthenticationAttribute|INFO|Admin:Microsoft.AspNetCore.Mvc.Filters.ActionExecutingContext:DocView 
2018-08-18 21:19:58.5819|BlogCore.EFWork.Infrastructure.AuthenticationAttribute|INFO|Admin:Microsoft.AspNetCore.Mvc.Filters.ActionExecutingContext:DocView 
2018-08-18 21:20:00.4380|BlogCore.EFWork.Infrastructure.AuthenticationAttribute|INFO|Admin:Microsoft.AspNetCore.Mvc.Filters.ActionExecutingContext:DocView 
2018-08-18 21:20:01.2579|BlogCore.EFWork.Infrastructure.AuthenticationAttribute|INFO|Admin:Microsoft.AspNetCore.Mvc.Filters.ActionExecutingContext:DocView 
2018-08-18 21:20:02.0710|BlogCore.EFWork.Infrastructure.AuthenticationAttribute|INFO|Admin:Microsoft.AspNetCore.Mvc.Filters.ActionExecutingContext:DocView 
2018-08-18 21:20:02.4876|BlogCore.EFWork.Infrastructure.AuthenticationAttribute|INFO|Admin:Microsoft.AspNetCore.Mvc.Filters.ActionExecutingContext:DocView 
2018-08-18 21:24:04.7918|BlogCore.EFWork.Infrastructure.AuthenticationAttribute|INFO|admin:Microsoft.AspNetCore.Mvc.Filters.ActionExecutingContext:Index 
2018-08-18 21:24:06.7301|BlogCore.EFWork.Infrastructure.AuthenticationAttribute|INFO|Admin:Microsoft.AspNetCore.Mvc.Filters.ActionExecutingContext:Index 
2018-08-18 21:24:06.9590|BlogCore.EFWork.Infrastructure.AuthenticationAttribute|INFO|Admin:Microsoft.AspNetCore.Mvc.Filters.ActionExecutingContext:DocView 
2018-08-18 21:24:10.4301|BlogCore.EFWork.Infrastructure.AuthenticationAttribute|INFO|Admin:Microsoft.AspNetCore.Mvc.Filters.ActionExecutingContext:ArtForm 
2018-08-18 21:24:10.4457|BlogCore.EFWork.Infrastructure.AuthenticationAttribute|INFO|Admin:Microsoft.AspNetCore.Mvc.Filters.ActionExecutingContext:DocView 
2018-08-18 21:24:21.7631|BlogCore.EFWork.Infrastructure.AuthenticationAttribute|INFO|Admin:Microsoft.AspNetCore.Mvc.Filters.ActionExecutingContext:ArtAdd 
2018-08-18 21:25:31.9656|BlogCore.EFWork.Infrastructure.AuthenticationAttribute|INFO|admin:Microsoft.AspNetCore.Mvc.Filters.ActionExecutingContext:Index 
2018-08-18 21:25:33.9035|BlogCore.EFWork.Infrastructure.AuthenticationAttribute|INFO|Admin:Microsoft.AspNetCore.Mvc.Filters.ActionExecutingContext:Index 
2018-08-18 21:25:34.1021|BlogCore.EFWork.Infrastructure.AuthenticationAttribute|INFO|Admin:Microsoft.AspNetCore.Mvc.Filters.ActionExecutingContext:DocView 
2018-08-18 21:25:38.4140|BlogCore.EFWork.Infrastructure.AuthenticationAttribute|INFO|Admin:Microsoft.AspNetCore.Mvc.Filters.ActionExecutingContext:ArtForm 
2018-08-18 21:25:51.3517|BlogCore.EFWork.Infrastructure.AuthenticationAttribute|INFO|Admin:Microsoft.AspNetCore.Mvc.Filters.ActionExecutingContext:ArtAdd 
2018-08-18 21:25:56.6656|BlogCore.EFWork.Infrastructure.AuthenticationAttribute|INFO|Admin:Microsoft.AspNetCore.Mvc.Filters.ActionExecutingContext:Index 
2018-08-18 21:25:56.7808|BlogCore.EFWork.Infrastructure.AuthenticationAttribute|INFO|Admin:Microsoft.AspNetCore.Mvc.Filters.ActionExecutingContext:DocView 
2018-08-18 21:28:07.1456|BlogCore.EFWork.Infrastructure.AuthenticationAttribute|INFO|admin:Microsoft.AspNetCore.Mvc.Filters.ActionExecutingContext:Index 
2018-08-18 21:28:09.5914|BlogCore.EFWork.Infrastructure.AuthenticationAttribute|INFO|Admin:Microsoft.AspNetCore.Mvc.Filters.ActionExecutingContext:Index 
2018-08-18 21:28:09.7434|BlogCore.EFWork.Infrastructure.AuthenticationAttribute|INFO|Admin:Microsoft.AspNetCore.Mvc.Filters.ActionExecutingContext:DocView 
2018-08-18 21:28:26.8614|BlogCore.EFWork.Infrastructure.AuthenticationAttribute|INFO|Admin:Microsoft.AspNetCore.Mvc.Filters.ActionExecutingContext:MenuForm 
2018-08-18 21:28:35.5285|BlogCore.EFWork.Infrastructure.AuthenticationAttribute|INFO|Admin:Microsoft.AspNetCore.Mvc.Filters.ActionExecutingContext:MenuAdd 
2018-08-18 21:29:09.7921|BlogCore.EFWork.Infrastructure.AuthenticationAttribute|INFO|Admin:Microsoft.AspNetCore.Mvc.Filters.ActionExecutingContext:DocView 
2018-08-18 21:29:13.6660|BlogCore.EFWork.Infrastructure.AuthenticationAttribute|INFO|Admin:Microsoft.AspNetCore.Mvc.Filters.ActionExecutingContext:Index 
2018-08-18 21:29:13.7914|BlogCore.EFWork.Infrastructure.AuthenticationAttribute|INFO|Admin:Microsoft.AspNetCore.Mvc.Filters.ActionExecutingContext:DocView 
2018-08-18 21:29:16.4782|BlogCore.EFWork.Infrastructure.AuthenticationAttribute|INFO|admin:Microsoft.AspNetCore.Mvc.Filters.ActionExecutingContext:MenuDelete 
2018-08-18 21:29:16.6198|BlogCore.EFWork.Infrastructure.AuthenticationAttribute|INFO|Admin:Microsoft.AspNetCore.Mvc.Filters.ActionExecutingContext:DocView 
2018-08-18 21:32:31.8685|BlogCore.EFWork.Infrastructure.AuthenticationAttribute|INFO|admin:Microsoft.AspNetCore.Mvc.Filters.ActionExecutingContext:Index 
2018-08-18 21:32:33.7155|BlogCore.EFWork.Infrastructure.AuthenticationAttribute|INFO|Admin:Microsoft.AspNetCore.Mvc.Filters.ActionExecutingContext:Index 
2018-08-18 21:32:33.9481|BlogCore.EFWork.Infrastructure.AuthenticationAttribute|INFO|Admin:Microsoft.AspNetCore.Mvc.Filters.ActionExecutingContext:DocView 
2018-08-18 21:32:36.8307|BlogCore.EFWork.Infrastructure.AuthenticationAttribute|INFO|Admin:Microsoft.AspNetCore.Mvc.Filters.ActionExecutingContext:ArtForm 
2018-08-18 21:32:36.8393|BlogCore.EFWork.Infrastructure.AuthenticationAttribute|INFO|Admin:Microsoft.AspNetCore.Mvc.Filters.ActionExecutingContext:DocView 
2018-08-18 21:32:39.5583|BlogCore.EFWork.Infrastructure.AuthenticationAttribute|INFO|Admin:Microsoft.AspNetCore.Mvc.Filters.ActionExecutingContext:ArtAdd 
2018-08-18 21:33:21.2294|BlogCore.EFWork.Infrastructure.AuthenticationAttribute|INFO|Admin:Microsoft.AspNetCore.Mvc.Filters.ActionExecutingContext:ArtForm 
2018-08-18 21:33:29.0098|BlogCore.EFWork.Infrastructure.AuthenticationAttribute|INFO|Admin:Microsoft.AspNetCore.Mvc.Filters.ActionExecutingContext:ArtAdd 
2018-08-18 21:34:25.3373|BlogCore.EFWork.Infrastructure.AuthenticationAttribute|INFO|admin:Microsoft.AspNetCore.Mvc.Filters.ActionExecutingContext:Index 
2018-08-18 21:34:27.8873|BlogCore.EFWork.Infrastructure.AuthenticationAttribute|INFO|Admin:Microsoft.AspNetCore.Mvc.Filters.ActionExecutingContext:Index 
2018-08-18 21:34:28.1119|BlogCore.EFWork.Infrastructure.AuthenticationAttribute|INFO|Admin:Microsoft.AspNetCore.Mvc.Filters.ActionExecutingContext:DocView 
2018-08-18 21:34:30.2125|BlogCore.EFWork.Infrastructure.AuthenticationAttribute|INFO|Admin:Microsoft.AspNetCore.Mvc.Filters.ActionExecutingContext:ArtForm 
2018-08-18 21:34:33.4325|BlogCore.EFWork.Infrastructure.AuthenticationAttribute|INFO|Admin:Microsoft.AspNetCore.Mvc.Filters.ActionExecutingContext:ArtAdd 
2018-08-18 21:35:02.7831|BlogCore.EFWork.Infrastructure.AuthenticationAttribute|INFO|Admin:Microsoft.AspNetCore.Mvc.Filters.ActionExecutingContext:Index 
2018-08-18 21:35:03.0768|BlogCore.EFWork.Infrastructure.AuthenticationAttribute|INFO|Admin:Microsoft.AspNetCore.Mvc.Filters.ActionExecutingContext:DocView 
2018-08-18 21:36:20.6067|BlogCore.EFWork.Infrastructure.AuthenticationAttribute|INFO|admin:Microsoft.AspNetCore.Mvc.Filters.ActionExecutingContext:Index 
2018-08-18 21:36:30.7264|BlogCore.EFWork.Infrastructure.AuthenticationAttribute|INFO|Admin:Microsoft.AspNetCore.Mvc.Filters.ActionExecutingContext:Index 
2018-08-18 21:36:30.9465|BlogCore.EFWork.Infrastructure.AuthenticationAttribute|INFO|Admin:Microsoft.AspNetCore.Mvc.Filters.ActionExecutingContext:DocView 
2018-08-18 21:36:34.0569|BlogCore.EFWork.Infrastructure.AuthenticationAttribute|INFO|Admin:Microsoft.AspNetCore.Mvc.Filters.ActionExecutingContext:ArtForm 
2018-08-18 21:36:34.0725|BlogCore.EFWork.Infrastructure.AuthenticationAttribute|INFO|Admin:Microsoft.AspNetCore.Mvc.Filters.ActionExecutingContext:DocView 
2018-08-18 21:36:36.7128|BlogCore.EFWork.Infrastructure.AuthenticationAttribute|INFO|Admin:Microsoft.AspNetCore.Mvc.Filters.ActionExecutingContext:ArtAdd 
2018-08-18 21:36:41.6408|BlogCore.EFWork.Infrastructure.AuthenticationAttribute|INFO|Admin:Microsoft.AspNetCore.Mvc.Filters.ActionExecutingContext:Index 
2018-08-18 21:36:41.7432|BlogCore.EFWork.Infrastructure.AuthenticationAttribute|INFO|Admin:Microsoft.AspNetCore.Mvc.Filters.ActionExecutingContext:DocView 
2018-08-18 21:37:10.9292|BlogCore.EFWork.Infrastructure.AuthenticationAttribute|INFO|Admin:Microsoft.AspNetCore.Mvc.Filters.ActionExecutingContext:Index 
2018-08-18 21:37:11.1336|BlogCore.EFWork.Infrastructure.AuthenticationAttribute|INFO|Admin:Microsoft.AspNetCore.Mvc.Filters.ActionExecutingContext:DocView 
2018-08-18 21:37:12.3061|BlogCore.EFWork.Infrastructure.AuthenticationAttribute|INFO|Admin:Microsoft.AspNetCore.Mvc.Filters.ActionExecutingContext:Index 
2018-08-18 21:37:12.3765|BlogCore.EFWork.Infrastructure.AuthenticationAttribute|INFO|Admin:Microsoft.AspNetCore.Mvc.Filters.ActionExecutingContext:DocView 
2018-08-18 21:37:14.2453|BlogCore.EFWork.Infrastructure.AuthenticationAttribute|INFO|Admin:Microsoft.AspNetCore.Mvc.Filters.ActionExecutingContext:ArtForm 
2018-08-18 21:37:14.2453|BlogCore.EFWork.Infrastructure.AuthenticationAttribute|INFO|Admin:Microsoft.AspNetCore.Mvc.Filters.ActionExecutingContext:DocView 
2018-08-18 21:37:20.1048|BlogCore.EFWork.Infrastructure.AuthenticationAttribute|INFO|Admin:Microsoft.AspNetCore.Mvc.Filters.ActionExecutingContext:ArtForm 
2018-08-18 21:37:20.1048|BlogCore.EFWork.Infrastructure.AuthenticationAttribute|INFO|Admin:Microsoft.AspNetCore.Mvc.Filters.ActionExecutingContext:DocView 
2018-08-18 21:37:25.7281|BlogCore.EFWork.Infrastructure.AuthenticationAttribute|INFO|Admin:Microsoft.AspNetCore.Mvc.Filters.ActionExecutingContext:DocView 
2018-08-18 21:37:26.7189|BlogCore.EFWork.Infrastructure.AuthenticationAttribute|INFO|Admin:Microsoft.AspNetCore.Mvc.Filters.ActionExecutingContext:DocView 
